Log file open, 11/05/19 14:36:17
LogWindows: Failed to load 'aqProf.dll' (GetLastError=126)
LogWindows: File 'aqProf.dll' does not exist
LogWindows: Failed to load 'VtuneApi.dll' (GetLastError=126)
LogWindows: File 'VtuneApi.dll' does not exist
LogWindows: Failed to load 'VtuneApi32e.dll' (GetLastError=126)
LogWindows: File 'VtuneApi32e.dll' does not exist
LogConsoleResponse: Display: Failed to find resolution value strings in scalability ini. Falling back to default.
LogInit: Display: Running engine for game: SlipspacePirates
LogPakFile: Registered encryption key '00000000000000000000000000000000': 0 pak files mounted, 0 remain pending
LogPlatformFile: Not using cached read wrapper
LogTaskGraph: Started task graph with 5 named threads and 23 total threads with 3 sets of task threads.
LogStats: Stats thread started at 0.273328
LogD3D11RHI: Loaded GFSDK_Aftermath_Lib.x64.dll
LogICUInternationalization: ICU TimeZone Detection - Raw Offset: -5:00, Platform Override: ''
LogPluginManager: Mounting plugin Paper2D
LogPluginManager: Mounting plugin AISupport
LogPluginManager: Mounting plugin LightPropagationVolume
LogPluginManager: Mounting plugin ActorLayerUtilities
LogPluginManager: Mounting plugin CLionSourceCodeAccess
LogPluginManager: Mounting plugin CodeLiteSourceCodeAccess
LogPluginManager: Mounting plugin GitSourceControl
LogPluginManager: Mounting plugin KDevelopSourceCodeAccess
LogPluginManager: Mounting plugin NullSourceCodeAccess
LogPluginManager: Mounting plugin PerforceSourceControl
LogPluginManager: Mounting plugin SubversionSourceControl
LogPluginManager: Mounting plugin UObjectPlugin
LogPluginManager: Mounting plugin VisualStudioCodeSourceCodeAccess
LogPluginManager: Mounting plugin VisualStudioSourceCodeAccess
LogPluginManager: Mounting plugin XCodeSourceCodeAccess
LogPluginManager: Mounting plugin AssetManagerEditor
LogPluginManager: Mounting plugin CryptoKeys
LogPluginManager: Mounting plugin DataValidation
LogPluginManager: Mounting plugin FacialAnimation
LogPluginManager: Mounting plugin GameplayTagsEditor
LogPluginManager: Mounting plugin MacGraphicsSwitching
LogPluginManager: Mounting plugin MeshEditor
LogPluginManager: Mounting plugin MobileLauncherProfileWizard
LogPluginManager: Mounting plugin PluginBrowser
LogPluginManager: Mounting plugin SpeedTreeImporter
LogPluginManager: Mounting plugin DatasmithContent
LogPluginManager: Mounting plugin VariantManagerContent
LogPluginManager: Mounting plugin AlembicImporter
LogPluginManager: Mounting plugin AppleImageUtils
LogPluginManager: Mounting plugin AppleVision
LogPluginManager: Mounting plugin BackChannel
LogPluginManager: Mounting plugin CharacterAI
LogPluginManager: Mounting plugin GeometryCache
LogPluginManager: Mounting plugin HTML5Networking
LogPluginManager: Mounting plugin ProxyLODPlugin
LogPluginManager: Mounting plugin MagicLeap
LogPluginManager: Mounting plugin MagicLeapMedia
LogPluginManager: Mounting plugin AndroidMedia
LogPluginManager: Mounting plugin AvfMedia
LogPluginManager: Mounting plugin ImgMedia
LogPluginManager: Mounting plugin LinearTimecode
LogPluginManager: Mounting plugin MediaCompositing
LogPluginManager: Mounting plugin MediaPlayerEditor
LogPluginManager: Mounting plugin WebMMedia
LogPluginManager: Mounting plugin WmfMedia
LogPluginManager: Mounting plugin TcpMessaging
LogPluginManager: Mounting plugin UdpMessaging
LogPluginManager: Mounting plugin ActorSequence
LogPluginManager: Mounting plugin LevelSequenceEditor
LogPluginManager: Mounting plugin MatineeToLevelSequence
LogPluginManager: Mounting plugin NetcodeUnitTest
LogPluginManager: Mounting plugin NUTUnrealEngine4
LogPluginManager: Mounting plugin OnlineSubsystemGooglePlay
LogPluginManager: Mounting plugin OnlineSubsystemIOS
LogPluginManager: Mounting plugin OnlineSubsystem
LogPluginManager: Mounting plugin OnlineSubsystemNull
LogPluginManager: Mounting plugin OnlineSubsystemUtils
LogPluginManager: Mounting plugin LauncherChunkInstaller
LogPluginManager: Mounting plugin AndroidDeviceProfileSelector
LogPluginManager: Mounting plugin AndroidMoviePlayer
LogPluginManager: Mounting plugin AndroidPermission
LogPluginManager: Mounting plugin AppleMoviePlayer
LogPluginManager: Mounting plugin ArchVisCharacter
LogPluginManager: Mounting plugin AudioCapture
LogPluginManager: Mounting plugin CableComponent
LogPluginManager: Mounting plugin CustomMeshComponent
LogPluginManager: Mounting plugin EditableMesh
LogPluginManager: Mounting plugin ExampleDeviceProfileSelector
LogPluginManager: Mounting plugin Firebase
LogPluginManager: Mounting plugin GoogleCloudMessaging
LogPluginManager: Mounting plugin IOSDeviceProfileSelector
LogPluginManager: Mounting plugin LinuxDeviceProfileSelector
LogPluginManager: Mounting plugin LocationServicesBPLibrary
LogPluginManager: Mounting plugin MobilePatchingUtils
LogPluginManager: Mounting plugin OculusVR
LogPluginManager: Mounting plugin PhysXVehicles
LogPluginManager: Mounting plugin ProceduralMeshComponent
LogPluginManager: Mounting plugin RuntimePhysXCooking
LogPluginManager: Mounting plugin SoundVisualizations
LogPluginManager: Mounting plugin SteamVR
LogPluginManager: Mounting plugin WebMMoviePlayer
LogPluginManager: Mounting plugin WindowsMoviePlayer
LogStreaming: Display: Took  0.227s to configure plugins.
LogInit: Using libcurl 7.55.1-DEV
LogInit:  - built for x86_64-pc-win32
LogInit:  - supports SSL with OpenSSL/1.0.2h
LogInit:  - supports HTTP deflate (compression) using libz 1.2.8
LogInit:  - other features:
LogInit:      CURL_VERSION_SSL
LogInit:      CURL_VERSION_LIBZ
LogInit:      CURL_VERSION_IPV6
LogInit:      CURL_VERSION_ASYNCHDNS
LogInit:      CURL_VERSION_LARGEFILE
LogInit:      CURL_VERSION_IDN
LogInit:  CurlRequestOptions (configurable via config and command line):
LogInit:  - bVerifyPeer = true  - Libcurl will verify peer certificate
LogInit:  - bUseHttpProxy = false  - Libcurl will NOT use HTTP proxy
LogInit:  - bDontReuseConnections = false  - Libcurl will reuse connections
LogInit:  - MaxHostConnections = 16  - Libcurl will limit the number of connections to a host
LogInit:  - LocalHostAddr = Default
LogInit:  - BufferSize = 65536
LogInit: WinSock: version 1.1 (2.2), MaxSocks=32767, MaxUdp=65467
LogInit: Build: ++UE4+Release-4.21-CL-4753647
LogInit: Engine Version: 4.21.2-4753647+++UE4+Release-4.21
LogInit: Compatible Engine Version: 4.21.0-4541578+++UE4+Release-4.21
LogInit: Net CL: 4541578
LogInit: OS: Windows 10 (), CPU: Intel(R) Core(TM) i7-7700 CPU @ 3.60GHz, GPU: NVIDIA GeForce GTX 1070
LogInit: Compiled (64-bit): Jan 19 2019 02:07:31
LogInit: Compiled with Visual C++: 19.13.26129.00
LogInit: Build Configuration: Development
LogInit: Branch Name: ++UE4+Release-4.21
LogInit: Command Line: 
LogInit: Base Directory: C:/Program Files/Epic Games/UE_4.21/Engine/Binaries/Win64/
LogInit: Installed Engine Build: 1
LogDevObjectVersion: Number of dev versions registered: 22
LogDevObjectVersion:   Dev-Blueprints (B0D832E4-1F89-4F0D-ACCF-7EB736FD4AA2): 10
LogDevObjectVersion:   Dev-Build (E1C64328-A22C-4D53-A36C-8E866417BD8C): 0
LogDevObjectVersion:   Dev-Core (375EC13C-06E4-48FB-B500-84F0262A717E): 2
LogDevObjectVersion:   Dev-Editor (E4B068ED-F494-42E9-A231-DA0B2E46BB41): 26
LogDevObjectVersion:   Dev-Framework (CFFC743F-43B0-4480-9391-14DF171D2073): 34
LogDevObjectVersion:   Dev-Mobile (B02B49B5-BB20-44E9-A304-32B752E40360): 2
LogDevObjectVersion:   Dev-Networking (A4E4105C-59A1-49B5-A7C5-40C4547EDFEE): 0
LogDevObjectVersion:   Dev-Online (39C831C9-5AE6-47DC-9A44-9C173E1C8E7C): 0
LogDevObjectVersion:   Dev-Physics (78F01B33-EBEA-4F98-B9B4-84EACCB95AA2): 0
LogDevObjectVersion:   Dev-Platform (6631380F-2D4D-43E0-8009-CF276956A95A): 0
LogDevObjectVersion:   Dev-Rendering (12F88B9F-8875-4AFC-A67C-D90C383ABD29): 27
LogDevObjectVersion:   Dev-Sequencer (7B5AE74C-D270-4C10-A958-57980B212A5A): 9
LogDevObjectVersion:   Dev-VR (D7296918-1DD6-4BDD-9DE2-64A83CC13884): 2
LogDevObjectVersion:   Dev-LoadTimes (C2A15278-BFE7-4AFE-6C17-90FF531DF755): 1
LogDevObjectVersion:   Private-Geometry (6EACA3D4-40EC-4CC1-B786-8BED09428FC5): 3
LogDevObjectVersion:   Dev-AnimPhys (29E575DD-E0A3-4627-9D10-D276232CDCEA): 17
LogDevObjectVersion:   Dev-Anim (AF43A65D-7FD3-4947-9873-3E8ED9C1BB05): 2
LogDevObjectVersion:   Dev-ReflectionCapture (6B266CEC-1EC7-4B8F-A30B-E4D90942FC07): 1
LogDevObjectVersion:   Dev-Automation (0DF73D61-A23F-47EA-B727-89E90C41499A): 1
LogDevObjectVersion:   FortniteMain (601D1886-AC64-4F84-AA16-D3DE0DEAC7D6): 17
LogDevObjectVersion:   Dev-Enterprise (9DFFBCD6-494F-0158-E221-12823C92A888): 4
LogDevObjectVersion:   Dev-Niagara (F2AED0AC-9AFE-416F-8664-AA7FFA26D6FC): 1
LogStreaming: Display: Took  0.001s to delete old logs.
LogInit: Presizing for max 8388607 objects, including 0 objects not considered by GC, pre-allocating 0 bytes for permanent pool.
LogInit: Object subsystem initialized
LogConfig: Setting CVar [[con.DebugEarlyDefault:1]]
LogConfig: Setting CVar [[r.setres:1280x720]]
[2019.11.05-19.36.18:182][  0]LogConfig: Setting CVar [[r.VSync:0]]
[2019.11.05-19.36.18:182][  0]LogConfig: Setting CVar [[r.RHICmdBypass:0]]
[2019.11.05-19.36.18:183][  0]LogConfig: Applying CVar settings from Section [/Script/Engine.RendererSettings] File [Z:/Kendall/Documents/GitHub/GameJam2019/SlipspacePirates/Saved/Config/Windows/Engine.ini]
[2019.11.05-19.36.18:183][  0]LogConfig: Setting CVar [[r.GPUCrashDebugging:0]]
[2019.11.05-19.36.18:183][  0]LogConfig: Applying CVar settings from Section [/Script/Engine.RendererOverrideSettings] File [Z:/Kendall/Documents/GitHub/GameJam2019/SlipspacePirates/Saved/Config/Windows/Engine.ini]
[2019.11.05-19.36.18:183][  0]LogConfig: Applying CVar settings from Section [/Script/Engine.StreamingSettings] File [Z:/Kendall/Documents/GitHub/GameJam2019/SlipspacePirates/Saved/Config/Windows/Engine.ini]
[2019.11.05-19.36.18:183][  0]LogConfig: Setting CVar [[s.MinBulkDataSizeForAsyncLoading:131072]]
[2019.11.05-19.36.18:183][  0]LogConfig: Setting CVar [[s.AsyncLoadingThreadEnabled:0]]
[2019.11.05-19.36.18:183][  0]LogConfig: Setting CVar [[s.EventDrivenLoaderEnabled:1]]
[2019.11.05-19.36.18:183][  0]LogConfig: Setting CVar [[s.WarnIfTimeLimitExceeded:0]]
[2019.11.05-19.36.18:183][  0]LogConfig: Setting CVar [[s.TimeLimitExceededMultiplier:1.5]]
[2019.11.05-19.36.18:183][  0]LogConfig: Setting CVar [[s.TimeLimitExceededMinTime:0.005]]
[2019.11.05-19.36.18:183][  0]LogConfig: Setting CVar [[s.UseBackgroundLevelStreaming:1]]
[2019.11.05-19.36.18:183][  0]LogConfig: Setting CVar [[s.PriorityAsyncLoadingExtraTime:15.0]]
[2019.11.05-19.36.18:183][  0]LogConfig: Setting CVar [[s.LevelStreamingActorsUpdateTimeLimit:5.0]]
[2019.11.05-19.36.18:183][  0]LogConfig: Setting CVar [[s.PriorityLevelStreamingActorsUpdateExtraTime:5.0]]
[2019.11.05-19.36.18:183][  0]LogConfig: Setting CVar [[s.LevelStreamingComponentsRegistrationGranularity:10]]
[2019.11.05-19.36.18:183][  0]LogConfig: Setting CVar [[s.UnregisterComponentsTimeLimit:1.0]]
[2019.11.05-19.36.18:183][  0]LogConfig: Setting CVar [[s.LevelStreamingComponentsUnregistrationGranularity:5]]
[2019.11.05-19.36.18:183][  0]LogConfig: Applying CVar settings from Section [/Script/Engine.GarbageCollectionSettings] File [Z:/Kendall/Documents/GitHub/GameJam2019/SlipspacePirates/Saved/Config/Windows/Engine.ini]
[2019.11.05-19.36.18:183][  0]LogConfig: Setting CVar [[gc.MaxObjectsNotConsideredByGC:1]]
[2019.11.05-19.36.18:183][  0]LogConfig: Setting CVar [[gc.SizeOfPermanentObjectPool:0]]
[2019.11.05-19.36.18:183][  0]LogConfig: Setting CVar [[gc.FlushStreamingOnGC:0]]
[2019.11.05-19.36.18:183][  0]LogConfig: Setting CVar [[gc.NumRetriesBeforeForcingGC:10]]
[2019.11.05-19.36.18:183][  0]LogConfig: Setting CVar [[gc.AllowParallelGC:1]]
[2019.11.05-19.36.18:183][  0]LogConfig: Setting CVar [[gc.TimeBetweenPurgingPendingKillObjects:61.1]]
[2019.11.05-19.36.18:183][  0]LogConfig: Setting CVar [[gc.MaxObjectsInEditor:8388607]]
[2019.11.05-19.36.18:183][  0]LogConfig: Setting CVar [[gc.IncrementalBeginDestroyEnabled:1]]
[2019.11.05-19.36.18:183][  0]LogConfig: Setting CVar [[gc.CreateGCClusters:1]]
[2019.11.05-19.36.18:183][  0]LogConfig: Setting CVar [[gc.MergeGCClusters:0]]
[2019.11.05-19.36.18:183][  0]LogConfig: Setting CVar [[gc.MinGCClusterSize:5]]
[2019.11.05-19.36.18:183][  0]LogConfig: Setting CVar [[gc.ActorClusteringEnabled:0]]
[2019.11.05-19.36.18:183][  0]LogConfig: Setting CVar [[gc.BlueprintClusteringEnabled:0]]
[2019.11.05-19.36.18:183][  0]LogConfig: Setting CVar [[gc.UseDisregardForGCOnDedicatedServers:0]]
[2019.11.05-19.36.18:183][  0]LogConfig: Applying CVar settings from Section [/Script/Engine.NetworkSettings] File [Z:/Kendall/Documents/GitHub/GameJam2019/SlipspacePirates/Saved/Config/Windows/Engine.ini]
[2019.11.05-19.36.18:183][  0]LogConfig: Applying CVar settings from Section [/Script/UnrealEd.CookerSettings] File [Z:/Kendall/Documents/GitHub/GameJam2019/SlipspacePirates/Saved/Config/Windows/Engine.ini]
[2019.11.05-19.36.18:190][  0]LogConfig: Applying CVar settings from Section [ViewDistanceQuality@3] File [Z:/Kendall/Documents/GitHub/GameJam2019/SlipspacePirates/Saved/Config/Windows/Scalability.ini]
[2019.11.05-19.36.18:190][  0]LogConfig: Setting CVar [[r.SkeletalMeshLODBias:0]]
[2019.11.05-19.36.18:190][  0]LogConfig: Setting CVar [[r.ViewDistanceScale:1.0]]
[2019.11.05-19.36.18:190][  0]LogConfig: Applying CVar settings from Section [AntiAliasingQuality@3] File [Z:/Kendall/Documents/GitHub/GameJam2019/SlipspacePirates/Saved/Config/Windows/Scalability.ini]
[2019.11.05-19.36.18:190][  0]LogConfig: Setting CVar [[r.PostProcessAAQuality:4]]
[2019.11.05-19.36.18:190][  0]LogConfig: Applying CVar settings from Section [ShadowQuality@3] File [Z:/Kendall/Documents/GitHub/GameJam2019/SlipspacePirates/Saved/Config/Windows/Scalability.ini]
[2019.11.05-19.36.18:190][  0]LogConfig: Setting CVar [[r.LightFunctionQuality:1]]
[2019.11.05-19.36.18:190][  0]LogConfig: Setting CVar [[r.ShadowQuality:5]]
[2019.11.05-19.36.18:190][  0]LogConfig: Setting CVar [[r.Shadow.CSM.MaxCascades:10]]
[2019.11.05-19.36.18:190][  0]LogConfig: Setting CVar [[r.Shadow.MaxResolution:2048]]
[2019.11.05-19.36.18:190][  0]LogConfig: Setting CVar [[r.Shadow.MaxCSMResolution:2048]]
[2019.11.05-19.36.18:190][  0]LogConfig: Setting CVar [[r.Shadow.RadiusThreshold:0.01]]
[2019.11.05-19.36.18:190][  0]LogConfig: Setting CVar [[r.Shadow.DistanceScale:1.0]]
[2019.11.05-19.36.18:190][  0]LogConfig: Setting CVar [[r.Shadow.CSM.TransitionScale:1.0]]
[2019.11.05-19.36.18:190][  0]LogConfig: Setting CVar [[r.Shadow.PreShadowResolutionFactor:1.0]]
[2019.11.05-19.36.18:190][  0]LogConfig: Setting CVar [[r.DistanceFieldShadowing:1]]
[2019.11.05-19.36.18:190][  0]LogConfig: Setting CVar [[r.DistanceFieldAO:1]]
[2019.11.05-19.36.18:190][  0]LogConfig: Setting CVar [[r.AOQuality:2]]
[2019.11.05-19.36.18:190][  0]LogConfig: Setting CVar [[r.VolumetricFog:1]]
[2019.11.05-19.36.18:190][  0]LogConfig: Setting CVar [[r.VolumetricFog.GridPixelSize:8]]
[2019.11.05-19.36.18:190][  0]LogConfig: Setting CVar [[r.VolumetricFog.GridSizeZ:128]]
[2019.11.05-19.36.18:190][  0]LogConfig: Setting CVar [[r.VolumetricFog.HistoryMissSupersampleCount:4]]
[2019.11.05-19.36.18:190][  0]LogConfig: Setting CVar [[r.LightMaxDrawDistanceScale:1]]
[2019.11.05-19.36.18:190][  0]LogConfig: Setting CVar [[r.CapsuleShadows:1]]
[2019.11.05-19.36.18:190][  0]LogConfig: Applying CVar settings from Section [PostProcessQuality@3] File [Z:/Kendall/Documents/GitHub/GameJam2019/SlipspacePirates/Saved/Config/Windows/Scalability.ini]
[2019.11.05-19.36.18:190][  0]LogConfig: Setting CVar [[r.MotionBlurQuality:4]]
[2019.11.05-19.36.18:190][  0]LogConfig: Setting CVar [[r.AmbientOcclusionMipLevelFactor:0.4]]
[2019.11.05-19.36.18:190][  0]LogConfig: Setting CVar [[r.AmbientOcclusionMaxQuality:100]]
[2019.11.05-19.36.18:190][  0]LogConfig: Setting CVar [[r.AmbientOcclusionLevels:-1]]
[2019.11.05-19.36.18:190][  0]LogConfig: Setting CVar [[r.AmbientOcclusionRadiusScale:1.0]]
[2019.11.05-19.36.18:190][  0]LogConfig: Setting CVar [[r.DepthOfFieldQuality:2]]
[2019.11.05-19.36.18:190][  0]LogConfig: Setting CVar [[r.RenderTargetPoolMin:400]]
[2019.11.05-19.36.18:190][  0]LogConfig: Setting CVar [[r.LensFlareQuality:2]]
[2019.11.05-19.36.18:191][  0]LogConfig: Setting CVar [[r.SceneColorFringeQuality:1]]
[2019.11.05-19.36.18:191][  0]LogConfig: Setting CVar [[r.EyeAdaptationQuality:2]]
[2019.11.05-19.36.18:191][  0]LogConfig: Setting CVar [[r.BloomQuality:5]]
[2019.11.05-19.36.18:191][  0]LogConfig: Setting CVar [[r.FastBlurThreshold:100]]
[2019.11.05-19.36.18:191][  0]LogConfig: Setting CVar [[r.Upscale.Quality:3]]
[2019.11.05-19.36.18:191][  0]LogConfig: Setting CVar [[r.Tonemapper.GrainQuantization:1]]
[2019.11.05-19.36.18:191][  0]LogConfig: Setting CVar [[r.LightShaftQuality:1]]
[2019.11.05-19.36.18:191][  0]LogConfig: Setting CVar [[r.Filter.SizeScale:1]]
[2019.11.05-19.36.18:191][  0]LogConfig: Setting CVar [[r.Tonemapper.Quality:5]]
[2019.11.05-19.36.18:191][  0]LogConfig: Setting CVar [[r.DOF.Gather.AccumulatorQuality:1        ; higher gathering accumulator quality]]
[2019.11.05-19.36.18:191][  0]LogConfig: Setting CVar [[r.DOF.Gather.PostfilterMethod:1          ; Median3x3 postfilering method]]
[2019.11.05-19.36.18:191][  0]LogConfig: Setting CVar [[r.DOF.Gather.EnableBokehSettings:0       ; no bokeh simulation when gathering]]
[2019.11.05-19.36.18:191][  0]LogConfig: Setting CVar [[r.DOF.Gather.RingCount:4                 ; medium number of samples when gathering]]
[2019.11.05-19.36.18:191][  0]LogConfig: Setting CVar [[r.DOF.Scatter.ForegroundCompositing:1    ; additive foreground scattering]]
[2019.11.05-19.36.18:191][  0]LogConfig: Setting CVar [[r.DOF.Scatter.BackgroundCompositing:2    ; additive background scattering]]
[2019.11.05-19.36.18:191][  0]LogConfig: Setting CVar [[r.DOF.Scatter.EnableBokehSettings:1      ; bokeh simulation when scattering]]
[2019.11.05-19.36.18:191][  0]LogConfig: Setting CVar [[r.DOF.Scatter.MaxSpriteRatio:0.1         ; only a maximum of 10% of scattered bokeh]]
[2019.11.05-19.36.18:191][  0]LogConfig: Setting CVar [[r.DOF.Recombine.Quality:1                ; cheap slight out of focus]]
[2019.11.05-19.36.18:191][  0]LogConfig: Setting CVar [[r.DOF.Recombine.EnableBokehSettings:0    ; no bokeh simulation on slight out of focus]]
[2019.11.05-19.36.18:191][  0]LogConfig: Setting CVar [[r.DOF.TemporalAAQuality:1                ; more stable temporal accumulation]]
[2019.11.05-19.36.18:191][  0]LogConfig: Setting CVar [[r.DOF.Kernel.MaxForegroundRadius:0.025]]
[2019.11.05-19.36.18:191][  0]LogConfig: Setting CVar [[r.DOF.Kernel.MaxBackgroundRadius:0.025]]
[2019.11.05-19.36.18:191][  0]LogConfig: Applying CVar settings from Section [TextureQuality@3] File [Z:/Kendall/Documents/GitHub/GameJam2019/SlipspacePirates/Saved/Config/Windows/Scalability.ini]
[2019.11.05-19.36.18:191][  0]LogConfig: Setting CVar [[r.Streaming.MipBias:0]]
[2019.11.05-19.36.18:191][  0]LogConfig: Setting CVar [[r.Streaming.AmortizeCPUToGPUCopy:0]]
[2019.11.05-19.36.18:191][  0]LogConfig: Setting CVar [[r.Streaming.MaxNumTexturesToStreamPerFrame:0]]
[2019.11.05-19.36.18:191][  0]LogConfig: Setting CVar [[r.Streaming.Boost:1]]
[2019.11.05-19.36.18:191][  0]LogConfig: Setting CVar [[r.MaxAnisotropy:8]]
[2019.11.05-19.36.18:191][  0]LogConfig: Setting CVar [[r.Streaming.LimitPoolSizeToVRAM:0]]
[2019.11.05-19.36.18:191][  0]LogConfig: Setting CVar [[r.Streaming.PoolSize:1000]]
[2019.11.05-19.36.18:191][  0]LogConfig: Setting CVar [[r.Streaming.MaxEffectiveScreenSize:0]]
[2019.11.05-19.36.18:191][  0]LogConfig: Applying CVar settings from Section [EffectsQuality@3] File [Z:/Kendall/Documents/GitHub/GameJam2019/SlipspacePirates/Saved/Config/Windows/Scalability.ini]
[2019.11.05-19.36.18:191][  0]LogConfig: Setting CVar [[r.TranslucencyLightingVolumeDim:64]]
[2019.11.05-19.36.18:191][  0]LogConfig: Setting CVar [[r.RefractionQuality:2]]
[2019.11.05-19.36.18:191][  0]LogConfig: Setting CVar [[r.SSR.Quality:3]]
[2019.11.05-19.36.18:191][  0]LogConfig: Setting CVar [[r.SceneColorFormat:4]]
[2019.11.05-19.36.18:191][  0]LogConfig: Setting CVar [[r.DetailMode:2]]
[2019.11.05-19.36.18:191][  0]LogConfig: Setting CVar [[r.TranslucencyVolumeBlur:1]]
[2019.11.05-19.36.18:191][  0]LogConfig: Setting CVar [[r.MaterialQualityLevel:1 ; High quality]]
[2019.11.05-19.36.18:191][  0]LogConfig: Setting CVar [[r.SSS.Scale:1]]
[2019.11.05-19.36.18:191][  0]LogConfig: Setting CVar [[r.SSS.SampleSet:2]]
[2019.11.05-19.36.18:191][  0]LogConfig: Setting CVar [[r.SSS.Quality:1]]
[2019.11.05-19.36.18:191][  0]LogConfig: Setting CVar [[r.SSS.HalfRes:1]]
[2019.11.05-19.36.18:191][  0]LogConfig: Setting CVar [[r.EmitterSpawnRateScale:1.0]]
[2019.11.05-19.36.18:191][  0]LogConfig: Setting CVar [[r.ParticleLightQuality:2]]
[2019.11.05-19.36.18:191][  0]LogConfig: Applying CVar settings from Section [FoliageQuality@3] File [Z:/Kendall/Documents/GitHub/GameJam2019/SlipspacePirates/Saved/Config/Windows/Scalability.ini]
[2019.11.05-19.36.18:191][  0]LogConfig: Setting CVar [[foliage.DensityScale:1.0]]
[2019.11.05-19.36.18:191][  0]LogConfig: Setting CVar [[grass.DensityScale:1.0]]
[2019.11.05-19.36.18:192][  0]LogInit: Selected Device Profile: [Windows]
[2019.11.05-19.36.18:192][  0]LogInit: Applying CVar settings loaded from the selected device profile: [Windows]
[2019.11.05-19.36.18:220][  0]LogHAL: Display: Platform has ~ 16 GB [17142628352 / 17179869184 / 16], which maps to Larger [LargestMinGB=32, LargerMinGB=12, DefaultMinGB=8, SmallerMinGB=6, SmallestMinGB=0)
[2019.11.05-19.36.18:221][  0]LogConfig: Setting CVar [[r.Vulkan.UseRealUBs:1]]
[2019.11.05-19.36.18:221][  0]LogInit: Going up to parent DeviceProfile []
[2019.11.05-19.36.18:222][  0]LogConfig: Applying CVar settings from Section [ViewDistanceQuality@3] File [Z:/Kendall/Documents/GitHub/GameJam2019/SlipspacePirates/Saved/Config/Windows/Scalability.ini]
[2019.11.05-19.36.18:222][  0]LogConfig: Setting CVar [[r.SkeletalMeshLODBias:0]]
[2019.11.05-19.36.18:222][  0]LogConfig: Setting CVar [[r.ViewDistanceScale:1.0]]
[2019.11.05-19.36.18:222][  0]LogConfig: Applying CVar settings from Section [AntiAliasingQuality@3] File [Z:/Kendall/Documents/GitHub/GameJam2019/SlipspacePirates/Saved/Config/Windows/Scalability.ini]
[2019.11.05-19.36.18:222][  0]LogConfig: Setting CVar [[r.PostProcessAAQuality:4]]
[2019.11.05-19.36.18:222][  0]LogConfig: Applying CVar settings from Section [ShadowQuality@3] File [Z:/Kendall/Documents/GitHub/GameJam2019/SlipspacePirates/Saved/Config/Windows/Scalability.ini]
[2019.11.05-19.36.18:222][  0]LogConfig: Setting CVar [[r.LightFunctionQuality:1]]
[2019.11.05-19.36.18:222][  0]LogConfig: Setting CVar [[r.ShadowQuality:5]]
[2019.11.05-19.36.18:222][  0]LogConfig: Setting CVar [[r.Shadow.CSM.MaxCascades:10]]
[2019.11.05-19.36.18:222][  0]LogConfig: Setting CVar [[r.Shadow.MaxResolution:2048]]
[2019.11.05-19.36.18:222][  0]LogConfig: Setting CVar [[r.Shadow.MaxCSMResolution:2048]]
[2019.11.05-19.36.18:222][  0]LogConfig: Setting CVar [[r.Shadow.RadiusThreshold:0.01]]
[2019.11.05-19.36.18:222][  0]LogConfig: Setting CVar [[r.Shadow.DistanceScale:1.0]]
[2019.11.05-19.36.18:222][  0]LogConfig: Setting CVar [[r.Shadow.CSM.TransitionScale:1.0]]
[2019.11.05-19.36.18:222][  0]LogConfig: Setting CVar [[r.Shadow.PreShadowResolutionFactor:1.0]]
[2019.11.05-19.36.18:222][  0]LogConfig: Setting CVar [[r.DistanceFieldShadowing:1]]
[2019.11.05-19.36.18:222][  0]LogConfig: Setting CVar [[r.DistanceFieldAO:1]]
[2019.11.05-19.36.18:222][  0]LogConfig: Setting CVar [[r.AOQuality:2]]
[2019.11.05-19.36.18:222][  0]LogConfig: Setting CVar [[r.VolumetricFog:1]]
[2019.11.05-19.36.18:222][  0]LogConfig: Setting CVar [[r.VolumetricFog.GridPixelSize:8]]
[2019.11.05-19.36.18:222][  0]LogConfig: Setting CVar [[r.VolumetricFog.GridSizeZ:128]]
[2019.11.05-19.36.18:222][  0]LogConfig: Setting CVar [[r.VolumetricFog.HistoryMissSupersampleCount:4]]
[2019.11.05-19.36.18:222][  0]LogConfig: Setting CVar [[r.LightMaxDrawDistanceScale:1]]
[2019.11.05-19.36.18:222][  0]LogConfig: Setting CVar [[r.CapsuleShadows:1]]
[2019.11.05-19.36.18:222][  0]LogConfig: Applying CVar settings from Section [PostProcessQuality@3] File [Z:/Kendall/Documents/GitHub/GameJam2019/SlipspacePirates/Saved/Config/Windows/Scalability.ini]
[2019.11.05-19.36.18:222][  0]LogConfig: Setting CVar [[r.MotionBlurQuality:4]]
[2019.11.05-19.36.18:222][  0]LogConfig: Setting CVar [[r.AmbientOcclusionMipLevelFactor:0.4]]
[2019.11.05-19.36.18:222][  0]LogConfig: Setting CVar [[r.AmbientOcclusionMaxQuality:100]]
[2019.11.05-19.36.18:222][  0]LogConfig: Setting CVar [[r.AmbientOcclusionLevels:-1]]
[2019.11.05-19.36.18:222][  0]LogConfig: Setting CVar [[r.AmbientOcclusionRadiusScale:1.0]]
[2019.11.05-19.36.18:222][  0]LogConfig: Setting CVar [[r.DepthOfFieldQuality:2]]
[2019.11.05-19.36.18:222][  0]LogConfig: Setting CVar [[r.RenderTargetPoolMin:400]]
[2019.11.05-19.36.18:222][  0]LogConfig: Setting CVar [[r.LensFlareQuality:2]]
[2019.11.05-19.36.18:222][  0]LogConfig: Setting CVar [[r.SceneColorFringeQuality:1]]
[2019.11.05-19.36.18:222][  0]LogConfig: Setting CVar [[r.EyeAdaptationQuality:2]]
[2019.11.05-19.36.18:222][  0]LogConfig: Setting CVar [[r.BloomQuality:5]]
[2019.11.05-19.36.18:222][  0]LogConfig: Setting CVar [[r.FastBlurThreshold:100]]
[2019.11.05-19.36.18:222][  0]LogConfig: Setting CVar [[r.Upscale.Quality:3]]
[2019.11.05-19.36.18:222][  0]LogConfig: Setting CVar [[r.Tonemapper.GrainQuantization:1]]
[2019.11.05-19.36.18:222][  0]LogConfig: Setting CVar [[r.LightShaftQuality:1]]
[2019.11.05-19.36.18:222][  0]LogConfig: Setting CVar [[r.Filter.SizeScale:1]]
[2019.11.05-19.36.18:222][  0]LogConfig: Setting CVar [[r.Tonemapper.Quality:5]]
[2019.11.05-19.36.18:222][  0]LogConfig: Setting CVar [[r.DOF.Gather.AccumulatorQuality:1        ; higher gathering accumulator quality]]
[2019.11.05-19.36.18:223][  0]LogConfig: Setting CVar [[r.DOF.Gather.PostfilterMethod:1          ; Median3x3 postfilering method]]
[2019.11.05-19.36.18:223][  0]LogConfig: Setting CVar [[r.DOF.Gather.EnableBokehSettings:0       ; no bokeh simulation when gathering]]
[2019.11.05-19.36.18:223][  0]LogConfig: Setting CVar [[r.DOF.Gather.RingCount:4                 ; medium number of samples when gathering]]
[2019.11.05-19.36.18:223][  0]LogConfig: Setting CVar [[r.DOF.Scatter.ForegroundCompositing:1    ; additive foreground scattering]]
[2019.11.05-19.36.18:223][  0]LogConfig: Setting CVar [[r.DOF.Scatter.BackgroundCompositing:2    ; additive background scattering]]
[2019.11.05-19.36.18:223][  0]LogConfig: Setting CVar [[r.DOF.Scatter.EnableBokehSettings:1      ; bokeh simulation when scattering]]
[2019.11.05-19.36.18:223][  0]LogConfig: Setting CVar [[r.DOF.Scatter.MaxSpriteRatio:0.1         ; only a maximum of 10% of scattered bokeh]]
[2019.11.05-19.36.18:223][  0]LogConfig: Setting CVar [[r.DOF.Recombine.Quality:1                ; cheap slight out of focus]]
[2019.11.05-19.36.18:223][  0]LogConfig: Setting CVar [[r.DOF.Recombine.EnableBokehSettings:0    ; no bokeh simulation on slight out of focus]]
[2019.11.05-19.36.18:223][  0]LogConfig: Setting CVar [[r.DOF.TemporalAAQuality:1                ; more stable temporal accumulation]]
[2019.11.05-19.36.18:223][  0]LogConfig: Setting CVar [[r.DOF.Kernel.MaxForegroundRadius:0.025]]
[2019.11.05-19.36.18:223][  0]LogConfig: Setting CVar [[r.DOF.Kernel.MaxBackgroundRadius:0.025]]
[2019.11.05-19.36.18:223][  0]LogConfig: Applying CVar settings from Section [TextureQuality@3] File [Z:/Kendall/Documents/GitHub/GameJam2019/SlipspacePirates/Saved/Config/Windows/Scalability.ini]
[2019.11.05-19.36.18:223][  0]LogConfig: Setting CVar [[r.Streaming.MipBias:0]]
[2019.11.05-19.36.18:223][  0]LogConfig: Setting CVar [[r.Streaming.AmortizeCPUToGPUCopy:0]]
[2019.11.05-19.36.18:223][  0]LogConfig: Setting CVar [[r.Streaming.MaxNumTexturesToStreamPerFrame:0]]
[2019.11.05-19.36.18:223][  0]LogConfig: Setting CVar [[r.Streaming.Boost:1]]
[2019.11.05-19.36.18:223][  0]LogConfig: Setting CVar [[r.MaxAnisotropy:8]]
[2019.11.05-19.36.18:223][  0]LogConfig: Setting CVar [[r.Streaming.LimitPoolSizeToVRAM:0]]
[2019.11.05-19.36.18:223][  0]LogConfig: Setting CVar [[r.Streaming.PoolSize:1000]]
[2019.11.05-19.36.18:223][  0]LogConfig: Setting CVar [[r.Streaming.MaxEffectiveScreenSize:0]]
[2019.11.05-19.36.18:223][  0]LogConfig: Applying CVar settings from Section [EffectsQuality@3] File [Z:/Kendall/Documents/GitHub/GameJam2019/SlipspacePirates/Saved/Config/Windows/Scalability.ini]
[2019.11.05-19.36.18:223][  0]LogConfig: Setting CVar [[r.TranslucencyLightingVolumeDim:64]]
[2019.11.05-19.36.18:223][  0]LogConfig: Setting CVar [[r.RefractionQuality:2]]
[2019.11.05-19.36.18:223][  0]LogConfig: Setting CVar [[r.SSR.Quality:3]]
[2019.11.05-19.36.18:223][  0]LogConfig: Setting CVar [[r.SceneColorFormat:4]]
[2019.11.05-19.36.18:223][  0]LogConfig: Setting CVar [[r.DetailMode:2]]
[2019.11.05-19.36.18:223][  0]LogConfig: Setting CVar [[r.TranslucencyVolumeBlur:1]]
[2019.11.05-19.36.18:223][  0]LogConfig: Setting CVar [[r.MaterialQualityLevel:1 ; High quality]]
[2019.11.05-19.36.18:223][  0]LogConfig: Setting CVar [[r.SSS.Scale:1]]
[2019.11.05-19.36.18:223][  0]LogConfig: Setting CVar [[r.SSS.SampleSet:2]]
[2019.11.05-19.36.18:223][  0]LogConfig: Setting CVar [[r.SSS.Quality:1]]
[2019.11.05-19.36.18:223][  0]LogConfig: Setting CVar [[r.SSS.HalfRes:1]]
[2019.11.05-19.36.18:223][  0]LogConfig: Setting CVar [[r.EmitterSpawnRateScale:1.0]]
[2019.11.05-19.36.18:223][  0]LogConfig: Setting CVar [[r.ParticleLightQuality:2]]
[2019.11.05-19.36.18:223][  0]LogConfig: Applying CVar settings from Section [FoliageQuality@3] File [Z:/Kendall/Documents/GitHub/GameJam2019/SlipspacePirates/Saved/Config/Windows/Scalability.ini]
[2019.11.05-19.36.18:223][  0]LogConfig: Setting CVar [[foliage.DensityScale:1.0]]
[2019.11.05-19.36.18:223][  0]LogConfig: Setting CVar [[grass.DensityScale:1.0]]
[2019.11.05-19.36.18:223][  0]LogConfig: Applying CVar settings from Section [Startup] File [../../../Engine/Config/ConsoleVariables.ini]
[2019.11.05-19.36.18:228][  0]LogConfig: Setting CVar [[net.UseAdaptiveNetUpdateFrequency:0]]
[2019.11.05-19.36.18:228][  0]LogConfig: Applying CVar settings from Section [ConsoleVariables] File [Z:/Kendall/Documents/GitHub/GameJam2019/SlipspacePirates/Saved/Config/Windows/Engine.ini]
[2019.11.05-19.36.18:229][  0]LogInit: Computer: DESKTOP-GGF25P5
[2019.11.05-19.36.18:229][  0]LogInit: User: kb004
[2019.11.05-19.36.18:229][  0]LogInit: CPU Page size=4096, Cores=4
[2019.11.05-19.36.18:229][  0]LogInit: High frequency timer resolution =10.000000 MHz
[2019.11.05-19.36.18:229][  0]LogMemory: Memory total: Physical=16.0GB (16GB approx)
[2019.11.05-19.36.18:229][  0]LogMemory: Platform Memory Stats for Windows
[2019.11.05-19.36.18:229][  0]LogMemory: Process Physical Memory: 102.33 MB used, 102.33 MB peak
[2019.11.05-19.36.18:229][  0]LogMemory: Process Virtual Memory: 91.05 MB used, 91.05 MB peak
[2019.11.05-19.36.18:229][  0]LogMemory: Physical Memory: 3420.98 MB used,  12927.51 MB free, 16348.48 MB total
[2019.11.05-19.36.18:229][  0]LogMemory: Virtual Memory: 4649.98 MB used,  134213080.00 MB free, 134217728.00 MB total
[2019.11.05-19.36.18:426][  0]LogInit: Using OS detected language (en-US).
[2019.11.05-19.36.18:426][  0]LogInit: Using OS detected locale (en-US).
[2019.11.05-19.36.18:427][  0]LogTextLocalizationManager: No specific localization for 'en-US' exists, so the 'en' localization will be used.
[2019.11.05-19.36.18:907][  0]LogStreaming: Display: Took  0.481s to InitEngineTextLocalization.
[2019.11.05-19.36.18:907][  0]LogInit: Setting process to per monitor DPI aware
[2019.11.05-19.36.18:992][  0]LogSlate: New Slate User Created.  User Index 0, Is Virtual User: 0
[2019.11.05-19.36.18:992][  0]LogSlate: Slate User Registered.  User Index 0, Is Virtual User: 0
[2019.11.05-19.36.21:259][  0]LogHMD: Failed to initialize OpenVR with code 110
[2019.11.05-19.36.21:259][  0]LogD3D11RHI: D3D11 adapters:
[2019.11.05-19.36.21:310][  0]LogD3D11RHI:    0. 'NVIDIA GeForce GTX 1070' (Feature Level 11_0)
[2019.11.05-19.36.21:310][  0]LogD3D11RHI:       8088/0/8174 MB DedicatedVideo/DedicatedSystem/SharedSystem, Outputs:2, VendorId:0x10de
[2019.11.05-19.36.21:312][  0]LogD3D11RHI:    1. 'Microsoft Basic Render Driver' (Feature Level 11_0)
[2019.11.05-19.36.21:312][  0]LogD3D11RHI:       0/0/8174 MB DedicatedVideo/DedicatedSystem/SharedSystem, Outputs:0, VendorId:0x1414
[2019.11.05-19.36.21:312][  0]LogD3D11RHI: Chosen D3D11 Adapter: 0
[2019.11.05-19.36.21:318][  0]LogD3D11RHI: Creating new Direct3DDevice
[2019.11.05-19.36.21:318][  0]LogD3D11RHI:     GPU DeviceId: 0x1b81 (for the marketing name, search the web for "GPU Device Id")
[2019.11.05-19.36.21:318][  0]LogWindows: EnumDisplayDevices:
[2019.11.05-19.36.21:318][  0]LogWindows:    0. 'NVIDIA GeForce GTX 1070' (P:0 D:1)
[2019.11.05-19.36.21:318][  0]LogWindows:    1. 'NVIDIA GeForce GTX 1070' (P:1 D:1)
[2019.11.05-19.36.21:319][  0]LogWindows:    2. 'NVIDIA GeForce GTX 1070' (P:0 D:0)
[2019.11.05-19.36.21:319][  0]LogWindows:    3. 'NVIDIA GeForce GTX 1070' (P:0 D:0)
[2019.11.05-19.36.21:319][  0]LogWindows: DebugString: FoundDriverCount:4 
[2019.11.05-19.36.21:319][  0]LogD3D11RHI:     Adapter Name: NVIDIA GeForce GTX 1070
[2019.11.05-19.36.21:319][  0]LogD3D11RHI:   Driver Version: 436.30 (internal:26.21.14.3630, unified:436.30)
[2019.11.05-19.36.21:319][  0]LogD3D11RHI:      Driver Date: 9-5-2019
[2019.11.05-19.36.21:319][  0]LogRHI: Texture pool is 5661 MB (70% of 8088 MB)
[2019.11.05-19.36.21:354][  0]LogD3D11RHI: Async texture creation enabled
[2019.11.05-19.36.21:395][  0]LogD3D11RHI: GPU Timing Frequency: 1000.000000 (Debug: 2 1)
[2019.11.05-19.36.21:795][  0]LogTemp: Display: Loaded TP AllDesktopTargetPlatform
[2019.11.05-19.36.21:806][  0]LogTemp: Display: Loaded TP MacClientTargetPlatform
[2019.11.05-19.36.21:817][  0]LogTemp: Display: Loaded TP MacNoEditorTargetPlatform
[2019.11.05-19.36.21:828][  0]LogTemp: Display: Loaded TP MacServerTargetPlatform
[2019.11.05-19.36.21:844][  0]LogTemp: Display: Loaded TP MacTargetPlatform
[2019.11.05-19.36.21:857][  0]LogTemp: Display: Loaded TP WindowsClientTargetPlatform
[2019.11.05-19.36.21:869][  0]LogTemp: Display: Loaded TP WindowsNoEditorTargetPlatform
[2019.11.05-19.36.21:881][  0]LogTemp: Display: Loaded TP WindowsServerTargetPlatform
[2019.11.05-19.36.21:887][  0]LogTemp: Display: Loaded TP WindowsTargetPlatform
[2019.11.05-19.36.21:953][  0]LogTemp: Display: Loaded TP AndroidTargetPlatform
[2019.11.05-19.36.21:953][  0]LogTemp: Display: Loaded TP AndroidTargetPlatform
[2019.11.05-19.36.21:953][  0]LogTemp: Display: Loaded TP AndroidTargetPlatform
[2019.11.05-19.36.21:953][  0]LogTemp: Display: Loaded TP AndroidTargetPlatform
[2019.11.05-19.36.21:953][  0]LogTemp: Display: Loaded TP AndroidTargetPlatform
[2019.11.05-19.36.21:953][  0]LogTemp: Display: Loaded TP AndroidTargetPlatform
[2019.11.05-19.36.21:953][  0]LogTemp: Display: Loaded TP AndroidTargetPlatform
[2019.11.05-19.36.21:953][  0]LogTemp: Display: Loaded TP AndroidTargetPlatform
[2019.11.05-19.36.21:953][  0]LogTemp: Display: Loaded TP AndroidTargetPlatform
[2019.11.05-19.36.21:953][  0]LogTemp: Display: Loaded TP AndroidTargetPlatform
[2019.11.05-19.36.21:953][  0]LogTemp: Display: Loaded TP AndroidTargetPlatform
[2019.11.05-19.36.21:953][  0]LogTemp: Display: Loaded TP AndroidTargetPlatform
[2019.11.05-19.36.21:953][  0]LogTemp: Display: Loaded TP AndroidTargetPlatform
[2019.11.05-19.36.21:953][  0]LogTemp: Display: Loaded TP AndroidTargetPlatform
[2019.11.05-19.36.21:953][  0]LogTemp: Display: Loaded TP AndroidTargetPlatform
[2019.11.05-19.36.21:953][  0]LogTemp: Display: Loaded TP AndroidTargetPlatform
[2019.11.05-19.36.21:953][  0]LogTemp: Display: Loaded TP AndroidTargetPlatform
[2019.11.05-19.36.21:953][  0]LogTemp: Display: Loaded TP AndroidTargetPlatform
[2019.11.05-19.36.21:956][  0]LogTemp: Display: Loaded TP HTML5TargetPlatform
[2019.11.05-19.36.22:023][  0]LogTemp: Display: Loaded TP IOSTargetPlatform
[2019.11.05-19.36.22:023][  0]LogTemp: Display: Loaded TP IOSTargetPlatform
[2019.11.05-19.36.22:042][  0]LogTemp: Display: Loaded TP TVOSTargetPlatform
[2019.11.05-19.36.22:042][  0]LogTemp: Display: Loaded TP TVOSTargetPlatform
[2019.11.05-19.36.22:054][  0]LogTemp: Display: Loaded TP LinuxClientTargetPlatform
[2019.11.05-19.36.22:066][  0]LogTemp: Display: Loaded TP LinuxNoEditorTargetPlatform
[2019.11.05-19.36.22:078][  0]LogTemp: Display: Loaded TP LinuxServerTargetPlatform
[2019.11.05-19.36.22:098][  0]LogTemp: Display: Loaded TP LinuxTargetPlatform
[2019.11.05-19.36.22:141][  0]LogTemp: Display: Loaded TP LuminTargetPlatform
[2019.11.05-19.36.22:141][  0]LogTemp: Display: Loaded TP LuminTargetPlatform
[2019.11.05-19.36.22:141][  0]LogTargetPlatformManager: Display: Building Assets For Windows
[2019.11.05-19.36.22:284][  0]LogShaderCompilers: Guid format shader working directory is -10 characters bigger than the processId version (Z:/Kendall/Documents/GitHub/GameJam2019/SlipspacePirates/Intermediate/Shaders/WorkingDirectory/6028/).
[2019.11.05-19.36.22:284][  0]LogShaderCompilers: Cleaned the shader compiler working directory 'C:/Users/kb004/AppData/Local/Temp/UnrealShaderWorkingDir/4538C1F6447E993AB12D629ACB3A4195/'.
[2019.11.05-19.36.22:287][  0]LogXGEController: Cleaning working directory: C:/Users/kb004/AppData/Local/Temp/UnrealXGEWorkingDir/
[2019.11.05-19.36.22:288][  0]LogXGEController: Cannot use XGE Controller as Incredibuild is not installed on this machine.
[2019.11.05-19.36.22:288][  0]LogShaderCompilers: Cannot use XGE Shader Compiler as Incredibuild is not installed on this machine.
[2019.11.05-19.36.22:288][  0]LogShaderCompilers: Display: Using Local Shader Compiler.
[2019.11.05-19.36.23:809][  0]LogDerivedDataCache: Display: Max Cache Size: 512 MB
[2019.11.05-19.36.23:995][  0]LogDerivedDataCache: Loaded boot cache 0.19s 71MB C:/Users/kb004/AppData/Local/UnrealEngine/4.21/DerivedDataCache/Boot.ddc.
[2019.11.05-19.36.23:995][  0]LogDerivedDataCache: Display: Loaded Boot cache: C:/Users/kb004/AppData/Local/UnrealEngine/4.21/DerivedDataCache/Boot.ddc
[2019.11.05-19.36.23:995][  0]LogDerivedDataCache: FDerivedDataBackendGraph:  Pak pak cache file Z:/Kendall/Documents/GitHub/GameJam2019/SlipspacePirates/DerivedDataCache/DDC.ddp not found, will not use a pak cache.
[2019.11.05-19.36.23:995][  0]LogDerivedDataCache: Unable to find inner node Pak for hierarchical cache Hierarchy.
[2019.11.05-19.36.23:995][  0]LogDerivedDataCache: FDerivedDataBackendGraph:  CompressedPak pak cache file Z:/Kendall/Documents/GitHub/GameJam2019/SlipspacePirates/DerivedDataCache/Compressed.ddp not found, will not use a pak cache.
[2019.11.05-19.36.23:995][  0]LogDerivedDataCache: Unable to find inner node CompressedPak for hierarchical cache Hierarchy.
[2019.11.05-19.36.24:018][  0]LogDerivedDataCache: Display: Pak cache opened for reading ../../../Engine/DerivedDataCache/Compressed.ddp.
[2019.11.05-19.36.24:018][  0]LogDerivedDataCache: FDerivedDataBackendGraph:  EnterprisePak pak cache file ../../../Enterprise/DerivedDataCache/Compressed.ddp not found, will not use a pak cache.
[2019.11.05-19.36.24:018][  0]LogDerivedDataCache: Unable to find inner node EnterprisePak for hierarchical cache Hierarchy.
[2019.11.05-19.36.24:030][  0]LogDerivedDataCache: Using Local data cache path C:/Users/kb004/AppData/Local/UnrealEngine/Common/DerivedDataCache: Writable
[2019.11.05-19.36.24:030][  0]LogDerivedDataCache: Shared data cache path not found in *engine.ini, will not use an Shared cache.
[2019.11.05-19.36.24:030][  0]LogDerivedDataCache: Unable to find inner node Shared for hierarchical cache Hierarchy.
[2019.11.05-19.36.24:055][  0]LogMaterial: Verifying Global Shaders for PCD3D_SM5
[2019.11.05-19.36.24:061][  0]LogSlate: Using FreeType 2.6.0
[2019.11.05-19.36.24:081][  0]LogSlate: SlateFontServices - WITH_FREETYPE: 1, WITH_HARFBUZZ: 1
[2019.11.05-19.36.24:354][  0]LogAssetRegistry: FAssetRegistry took 0.0338 seconds to start up
[2019.11.05-19.36.24:846][  0]LogInit: Selected Device Profile: [Windows]
[2019.11.05-19.36.25:130][  0]LogSimplygon: Simplygon DLL not present - disabling.
[2019.11.05-19.36.25:145][  0]LogMeshReduction: Using SimplygonSwarm for distributed automatic mesh merging
[2019.11.05-19.36.25:145][  0]LogMeshReduction: Using ProxyLODMeshReduction for automatic mesh merging
[2019.11.05-19.36.25:146][  0]LogMeshReduction: Using QuadricMeshReduction for automatic static mesh reduction
[2019.11.05-19.36.25:146][  0]LogMeshReduction: No automatic skeletal mesh reduction module available
[2019.11.05-19.36.25:204][  0]LogNetVersion: SlipspacePirates 1.0.0, NetCL: 4541578, EngineNetVer: 5, GameNetVer: 0 (Checksum: 2179718024)
[2019.11.05-19.36.26:367][  0]LogPackageLocalizationCache: Processed 11 localized package path(s) for 2 prioritized culture(s) in 0.087197 seconds
[2019.11.05-19.36.26:373][  0]LogUObjectArray: 39775 objects as part of root set at end of initial load.
[2019.11.05-19.36.26:373][  0]LogUObjectAllocator: 6914656 out of 0 bytes used by permanent object pool.
[2019.11.05-19.36.26:373][  0]LogUObjectArray: CloseDisregardForGC: 0/0 objects in disregard for GC pool
[2019.11.05-19.36.29:330][  0]LogTcpMessaging: Initializing TcpMessaging bridge
[2019.11.05-19.36.29:347][  0]LogUdpMessaging: Initializing bridge on interface 0.0.0.0:0 to multicast group 230.0.0.1:6666.
[2019.11.05-19.36.30:174][  0]SourceControl: Source control is disabled
[2019.11.05-19.36.30:174][  0]SourceControl: Source control is disabled
[2019.11.05-19.36.30:191][  0]SourceControl: Source control is disabled
[2019.11.05-19.36.30:197][  0]SourceControl: Source control is disabled
[2019.11.05-19.36.30:577][  0]LogAndroidPermission: UAndroidPermissionCallbackProxy::GetInstance
[2019.11.05-19.36.30:674][  0]LogOcInput: OculusInput pre-init called
[2019.11.05-19.36.30:890][  0]LogEngine: Initializing Engine...
[2019.11.05-19.36.30:892][  0]LogHMD: Failed to initialize OpenVR with code 110
[2019.11.05-19.36.30:894][  0]LogStats: UGameplayTagsManager::ConstructGameplayTagTree: ImportINI prefixes -  0.000 s
[2019.11.05-19.36.30:894][  0]LogStats: UGameplayTagsManager::ConstructGameplayTagTree: Construct from data asset -  0.000 s
[2019.11.05-19.36.30:894][  0]LogStats: UGameplayTagsManager::ConstructGameplayTagTree: ImportINI -  0.000 s
[2019.11.05-19.36.30:894][  0]LogStats: UGameplayTagsManager::ConstructGameplayTagTree: GameplayTagTreeChangedEvent.Broadcast -  0.000 s
[2019.11.05-19.36.31:256][  0]LogInit: Initializing FReadOnlyCVARCache
[2019.11.05-19.36.31:293][  0]LogAIModule: Creating AISystem for world Untitled
[2019.11.05-19.36.31:326][  0]LogInit: XAudio2 using 'LG ULTRAWIDE (NVIDIA High Definition Audio)' : 2 channels at 48 kHz using 16 bits per sample (channel mask 0x3)
[2019.11.05-19.36.31:350][  0]LogInit: FAudioDevice initialized.
[2019.11.05-19.36.31:350][  0]LogNetVersion: Set ProjectVersion to 1.0.0.0. Version Checksum will be recalculated on next use.
[2019.11.05-19.36.31:425][  0]LogDerivedDataCache: Saved boot cache 0.08s 71MB C:/Users/kb004/AppData/Local/UnrealEngine/4.21/DerivedDataCache/Boot.ddc.
[2019.11.05-19.36.31:430][  0]LogInit: Texture streaming: Enabled
[2019.11.05-19.36.31:455][  0]LogEngineSessionManager: EngineSessionManager initialized
[2019.11.05-19.36.31:570][  0]LogInit: Transaction tracking system initialized
[2019.11.05-19.36.31:632][  0]BlueprintLog: New page: Editor Load
[2019.11.05-19.36.31:800][  0]LocalizationService: Localization service is disabled
[2019.11.05-19.36.32:494][  0]LogFileCache: Scanning file cache for directory 'Z:/Kendall/Documents/GitHub/GameJam2019/SlipspacePirates/Content/' took 0.02s
[2019.11.05-19.36.32:494][  0]LogCook: Display: Max memory allowance for cook 16384mb min free memory 0mb
[2019.11.05-19.36.32:494][  0]LogCook: Display: Mobile HDR setting 1
[2019.11.05-19.36.32:495][  0]LogGameplayTags: Display: UGameplayTagsManager::DoneAddingNativeTags. DelegateIsBound: 0
[2019.11.05-19.36.32:495][  0]LogStats: UGameplayTagsManager::ConstructGameplayTagTree: ImportINI prefixes -  0.000 s
[2019.11.05-19.36.32:495][  0]LogStats: UGameplayTagsManager::ConstructGameplayTagTree: Construct from data asset -  0.000 s
[2019.11.05-19.36.32:495][  0]LogStats: UGameplayTagsManager::ConstructGameplayTagTree: ImportINI -  0.000 s
[2019.11.05-19.36.32:495][  0]LogStats: UGameplayTagsManager::ConstructGameplayTagTree: GameplayTagTreeChangedEvent.Broadcast -  0.000 s
[2019.11.05-19.36.32:776][  0]SourceControl: Source control is disabled
[2019.11.05-19.36.32:777][  0]Cmd: MAP LOAD FILE="../../../Engine/Content/Maps/Templates/Template_Default.umap" TEMPLATE=1 SHOWPROGRESS=1 FEATURELEVEL=3
[2019.11.05-19.36.32:782][  0]LightingResults: New page: Lighting Build
[2019.11.05-19.36.32:791][  0]MapCheck: New page: Map Check
[2019.11.05-19.36.32:791][  0]LightingResults: New page: Lighting Build
[2019.11.05-19.36.33:042][  0]LogAIModule: Creating AISystem for world Untitled_1
[2019.11.05-19.36.33:064][  0]LogEditorServer: Finished looking for orphan Actors (0.000 secs)
[2019.11.05-19.36.33:088][  0]Cmd: MAP CHECKDEP NOCLEARLOG
[2019.11.05-19.36.33:088][  0]MapCheck: Map check complete: 0 Error(s), 0 Warning(s), took 0.09ms to complete.
[2019.11.05-19.36.33:088][  0]LogFileHelpers: Loading map 'Template_Default' took 0.312
[2019.11.05-19.36.33:270][  0]LogSlate: Updating window title bar state: overlay mode, drag disabled, window buttons hidden, title bar hidden
[2019.11.05-19.36.33:279][  0]LogSlate: Updating window title bar state: overlay mode, drag disabled, window buttons hidden, title bar hidden
[2019.11.05-19.36.33:286][  0]LogSlate: Updating window title bar state: overlay mode, drag disabled, window buttons hidden, title bar hidden
[2019.11.05-19.36.33:294][  0]LogSlate: Updating window title bar state: overlay mode, drag disabled, window buttons hidden, title bar hidden
[2019.11.05-19.36.33:312][  0]LogCollectionManager: Loaded 0 collections in 0.001943 seconds
[2019.11.05-19.36.33:363][  0]LogFileCache: Scanning file cache for directory 'Z:/Kendall/Documents/GitHub/GameJam2019/SlipspacePirates/Saved/Collections/' took 0.01s
[2019.11.05-19.36.33:363][  0]LogFileCache: Scanning file cache for directory 'Z:/Kendall/Documents/GitHub/GameJam2019/SlipspacePirates/Content/Developers/kb004/Collections/' took 0.01s
[2019.11.05-19.36.33:363][  0]LogFileCache: Scanning file cache for directory 'Z:/Kendall/Documents/GitHub/GameJam2019/SlipspacePirates/Content/Collections/' took 0.01s
[2019.11.05-19.36.33:363][  0]LogCollectionManager: Rebuilt the GUID cache for 0 collections in 0.000000 seconds
[2019.11.05-19.36.33:372][  0]LogContentBrowser: Native class hierarchy populated in 0.0078 seconds. Added 2652 classes and 623 folders.
[2019.11.05-19.36.33:382][  0]LogContentBrowser: Native class hierarchy updated for 'WidgetCarousel' in 0.0005 seconds. Added 0 classes and 0 folders.
[2019.11.05-19.36.33:390][  0]LogPakFile: Registered encryption key '00000000000000000000000000000000': 0 pak files mounted, 0 remain pending
[2019.11.05-19.36.33:399][  0]LogPakFile: Registered encryption key '00000000000000000000000000000000': 0 pak files mounted, 0 remain pending
[2019.11.05-19.36.33:414][  0]LogPakFile: Registered encryption key '00000000000000000000000000000000': 0 pak files mounted, 0 remain pending
[2019.11.05-19.36.33:420][  0]LogPakFile: Registered encryption key '00000000000000000000000000000000': 0 pak files mounted, 0 remain pending
[2019.11.05-19.36.33:425][  0]LogPakFile: Registered encryption key '00000000000000000000000000000000': 0 pak files mounted, 0 remain pending
[2019.11.05-19.36.33:430][  0]LogPakFile: Registered encryption key '00000000000000000000000000000000': 0 pak files mounted, 0 remain pending
[2019.11.05-19.36.33:433][  0]LogPakFile: Registered encryption key '00000000000000000000000000000000': 0 pak files mounted, 0 remain pending
[2019.11.05-19.36.33:438][  0]LogPakFile: Registered encryption key '00000000000000000000000000000000': 0 pak files mounted, 0 remain pending
[2019.11.05-19.36.33:443][  0]LogPakFile: Registered encryption key '00000000000000000000000000000000': 0 pak files mounted, 0 remain pending
[2019.11.05-19.36.33:450][  0]LogPakFile: Registered encryption key '00000000000000000000000000000000': 0 pak files mounted, 0 remain pending
[2019.11.05-19.36.33:455][  0]LogPakFile: Registered encryption key '00000000000000000000000000000000': 0 pak files mounted, 0 remain pending
[2019.11.05-19.36.33:461][  0]LogPakFile: Registered encryption key '00000000000000000000000000000000': 0 pak files mounted, 0 remain pending
[2019.11.05-19.36.33:467][  0]LogPakFile: Registered encryption key '00000000000000000000000000000000': 0 pak files mounted, 0 remain pending
[2019.11.05-19.36.33:473][  0]LogPakFile: Registered encryption key '00000000000000000000000000000000': 0 pak files mounted, 0 remain pending
[2019.11.05-19.36.33:479][  0]LogPakFile: Registered encryption key '00000000000000000000000000000000': 0 pak files mounted, 0 remain pending
[2019.11.05-19.36.33:484][  0]LogPakFile: Registered encryption key '00000000000000000000000000000000': 0 pak files mounted, 0 remain pending
[2019.11.05-19.36.33:502][  0]LogPakFile: Registered encryption key '00000000000000000000000000000000': 0 pak files mounted, 0 remain pending
[2019.11.05-19.36.33:512][  0]LogPakFile: Registered encryption key '00000000000000000000000000000000': 0 pak files mounted, 0 remain pending
[2019.11.05-19.36.33:518][  0]LogPakFile: Registered encryption key '00000000000000000000000000000000': 0 pak files mounted, 0 remain pending
[2019.11.05-19.36.33:522][  0]LogPakFile: Registered encryption key '00000000000000000000000000000000': 0 pak files mounted, 0 remain pending
[2019.11.05-19.36.33:546][  0]LogPakFile: Registered encryption key '00000000000000000000000000000000': 0 pak files mounted, 0 remain pending
[2019.11.05-19.36.33:552][  0]LogPakFile: Registered encryption key '00000000000000000000000000000000': 0 pak files mounted, 0 remain pending
[2019.11.05-19.36.33:560][  0]LogPakFile: Registered encryption key '00000000000000000000000000000000': 0 pak files mounted, 0 remain pending
[2019.11.05-19.36.33:567][  0]LogPakFile: Registered encryption key '00000000000000000000000000000000': 0 pak files mounted, 0 remain pending
[2019.11.05-19.36.33:573][  0]LogPakFile: Registered encryption key '00000000000000000000000000000000': 0 pak files mounted, 0 remain pending
[2019.11.05-19.36.33:579][  0]LogPakFile: Registered encryption key '00000000000000000000000000000000': 0 pak files mounted, 0 remain pending
[2019.11.05-19.36.33:698][  0]LogContentBrowser: Native class hierarchy updated for 'AddContentDialog' in 0.0003 seconds. Added 0 classes and 0 folders.
[2019.11.05-19.36.33:707][  0]LogContentBrowser: Native class hierarchy updated for 'SceneOutliner' in 0.0003 seconds. Added 1 classes and 2 folders.
[2019.11.05-19.36.33:725][  0]LogContentBrowser: Native class hierarchy updated for 'WorldBrowser' in 0.0003 seconds. Added 2 classes and 3 folders.
[2019.11.05-19.36.33:862][  0]LogSlate: Took 0.008538 seconds to synchronously load lazily loaded font '../../../Engine/Content/Slate/Fonts/Roboto-Regular.ttf' (155K)
[2019.11.05-19.36.33:870][  0]LogSlate: Took 0.006317 seconds to synchronously load lazily loaded font '../../../Engine/Content/Slate/Fonts/Roboto-Bold.ttf' (160K)
[2019.11.05-19.36.33:881][  0]LogSlate: Took 0.004980 seconds to synchronously load lazily loaded font '../../../Engine/Content/Editor/Slate/Fonts/FontAwesome.ttf' (139K)
[2019.11.05-19.36.34:011][  0]LogRenderer: Reallocating scene render targets to support 1564x576 Format 10 NumSamples 1 (Frame:1).
[2019.11.05-19.36.34:184][  0]LogContentBrowser: Native class hierarchy updated for 'HierarchicalLODOutliner' in 0.0003 seconds. Added 0 classes and 0 folders.
[2019.11.05-19.36.34:184][  0]LogLoad: (Engine Initialization) Total time: 19.80 seconds
[2019.11.05-19.36.34:184][  0]LogLoad: (Engine Initialization) Total Blueprint compile time: 0.00 seconds
[2019.11.05-19.36.34:255][  0]LogContentStreaming: Texture pool size now 1000 MB
[2019.11.05-19.36.34:296][  1]LogAssetRegistry: Asset discovery search completed in 9.9646 seconds
[2019.11.05-19.36.34:298][  1]LogCollectionManager: Rebuilt the object cache for 0 collections in 0.000000 seconds (found 0 objects)
[2019.11.05-19.36.34:298][  1]LogCollectionManager: Fixed up redirectors for 0 collections in 0.000053 seconds (updated 0 objects)
[2019.11.05-19.36.37:007][ 10]LogSlate: FSceneViewport::OnFocusLost() reason 0
[2019.11.05-19.36.37:777][ 67]LogSlate: Took 0.006060 seconds to synchronously load lazily loaded font '../../../Engine/Content/Slate/Fonts/Roboto-Light.ttf' (167K)
[2019.11.05-19.36.38:628][160]LogSlate: Took 0.000121 seconds to synchronously load lazily loaded font '../../../Engine/Content/Slate/Fonts/Roboto-Light.ttf' (167K)
[2019.11.05-19.36.39:419][160]LogAIModule: Creating AISystem for world TestMap
[2019.11.05-19.36.39:439][160]LogAssetEditorManager: Opening Asset editor for World /Game/TestMap.TestMap
[2019.11.05-19.36.39:461][160]Cmd: MAP LOAD FILE="Z:/Kendall/Documents/GitHub/GameJam2019/SlipspacePirates/Content/TestMap.umap" TEMPLATE=0 SHOWPROGRESS=1 FEATURELEVEL=3
[2019.11.05-19.36.39:461][160]LightingResults: New page: Lighting Build
[2019.11.05-19.36.39:462][160]LoadErrors: New page: Loading map: TestMap.umap
[2019.11.05-19.36.39:465][160]MapCheck: New page: Map Check
[2019.11.05-19.36.39:465][160]LightingResults: New page: Lighting Build
[2019.11.05-19.36.39:551][160]LogEditorServer: Finished looking for orphan Actors (0.000 secs)
[2019.11.05-19.36.39:589][160]Cmd: MAP CHECKDEP NOCLEARLOG
[2019.11.05-19.36.39:590][160]MapCheck: Map check complete: 0 Error(s), 0 Warning(s), took 0.127ms to complete.
[2019.11.05-19.36.39:590][160]LogFileHelpers: Loading map 'TestMap' took 0.130
