Log file open, 11/03/19 18:31:45
LogWindows: Failed to load 'aqProf.dll' (GetLastError=126)
LogWindows: File 'aqProf.dll' does not exist
LogWindows: Failed to load 'VtuneApi.dll' (GetLastError=126)
LogWindows: File 'VtuneApi.dll' does not exist
LogWindows: Failed to load 'VtuneApi32e.dll' (GetLastError=126)
LogWindows: File 'VtuneApi32e.dll' does not exist
LogConsoleResponse: Display: Failed to find resolution value strings in scalability ini. Falling back to default.
LogInit: Display: Running engine for game: SlipspacePirates
LogPakFile: Registered encryption key '00000000000000000000000000000000': 0 pak files mounted, 0 remain pending
LogPlatformFile: Not using cached read wrapper
LogTaskGraph: Started task graph with 5 named threads and 23 total threads with 3 sets of task threads.
LogStats: Stats thread started at 0.282413
LogD3D11RHI: Loaded GFSDK_Aftermath_Lib.x64.dll
LogICUInternationalization: ICU TimeZone Detection - Raw Offset: -5:00, Platform Override: ''
LogPluginManager: Mounting plugin Paper2D
LogPluginManager: Mounting plugin AISupport
LogPluginManager: Mounting plugin LightPropagationVolume
LogPluginManager: Mounting plugin ActorLayerUtilities
LogPluginManager: Mounting plugin CLionSourceCodeAccess
LogPluginManager: Mounting plugin CodeLiteSourceCodeAccess
LogPluginManager: Mounting plugin GitSourceControl
LogPluginManager: Mounting plugin KDevelopSourceCodeAccess
LogPluginManager: Mounting plugin NullSourceCodeAccess
LogPluginManager: Mounting plugin PerforceSourceControl
LogPluginManager: Mounting plugin SubversionSourceControl
LogPluginManager: Mounting plugin UObjectPlugin
LogPluginManager: Mounting plugin VisualStudioCodeSourceCodeAccess
LogPluginManager: Mounting plugin VisualStudioSourceCodeAccess
LogPluginManager: Mounting plugin XCodeSourceCodeAccess
LogPluginManager: Mounting plugin AssetManagerEditor
LogPluginManager: Mounting plugin CryptoKeys
LogPluginManager: Mounting plugin DataValidation
LogPluginManager: Mounting plugin FacialAnimation
LogPluginManager: Mounting plugin GameplayTagsEditor
LogPluginManager: Mounting plugin MacGraphicsSwitching
LogPluginManager: Mounting plugin MeshEditor
LogPluginManager: Mounting plugin MobileLauncherProfileWizard
LogPluginManager: Mounting plugin PluginBrowser
LogPluginManager: Mounting plugin SpeedTreeImporter
LogPluginManager: Mounting plugin DatasmithContent
LogPluginManager: Mounting plugin VariantManagerContent
LogPluginManager: Mounting plugin AlembicImporter
LogPluginManager: Mounting plugin AppleImageUtils
LogPluginManager: Mounting plugin AppleVision
LogPluginManager: Mounting plugin BackChannel
LogPluginManager: Mounting plugin CharacterAI
LogPluginManager: Mounting plugin GeometryCache
LogPluginManager: Mounting plugin HTML5Networking
LogPluginManager: Mounting plugin ProxyLODPlugin
LogPluginManager: Mounting plugin MagicLeap
LogPluginManager: Mounting plugin MagicLeapMedia
LogPluginManager: Mounting plugin AndroidMedia
LogPluginManager: Mounting plugin AvfMedia
LogPluginManager: Mounting plugin ImgMedia
LogPluginManager: Mounting plugin LinearTimecode
LogPluginManager: Mounting plugin MediaCompositing
LogPluginManager: Mounting plugin MediaPlayerEditor
LogPluginManager: Mounting plugin WebMMedia
LogPluginManager: Mounting plugin WmfMedia
LogPluginManager: Mounting plugin TcpMessaging
LogPluginManager: Mounting plugin UdpMessaging
LogPluginManager: Mounting plugin ActorSequence
LogPluginManager: Mounting plugin LevelSequenceEditor
LogPluginManager: Mounting plugin MatineeToLevelSequence
LogPluginManager: Mounting plugin NetcodeUnitTest
LogPluginManager: Mounting plugin NUTUnrealEngine4
LogPluginManager: Mounting plugin OnlineSubsystemGooglePlay
LogPluginManager: Mounting plugin OnlineSubsystemIOS
LogPluginManager: Mounting plugin OnlineSubsystem
LogPluginManager: Mounting plugin OnlineSubsystemNull
LogPluginManager: Mounting plugin OnlineSubsystemUtils
LogPluginManager: Mounting plugin LauncherChunkInstaller
LogPluginManager: Mounting plugin AndroidDeviceProfileSelector
LogPluginManager: Mounting plugin AndroidMoviePlayer
LogPluginManager: Mounting plugin AndroidPermission
LogPluginManager: Mounting plugin AppleMoviePlayer
LogPluginManager: Mounting plugin ArchVisCharacter
LogPluginManager: Mounting plugin AudioCapture
LogPluginManager: Mounting plugin CableComponent
LogPluginManager: Mounting plugin CustomMeshComponent
LogPluginManager: Mounting plugin EditableMesh
LogPluginManager: Mounting plugin ExampleDeviceProfileSelector
LogPluginManager: Mounting plugin Firebase
LogPluginManager: Mounting plugin GoogleCloudMessaging
LogPluginManager: Mounting plugin IOSDeviceProfileSelector
LogPluginManager: Mounting plugin LinuxDeviceProfileSelector
LogPluginManager: Mounting plugin LocationServicesBPLibrary
LogPluginManager: Mounting plugin MobilePatchingUtils
LogPluginManager: Mounting plugin OculusVR
LogPluginManager: Mounting plugin PhysXVehicles
LogPluginManager: Mounting plugin ProceduralMeshComponent
LogPluginManager: Mounting plugin RuntimePhysXCooking
LogPluginManager: Mounting plugin SteamVR
LogPluginManager: Mounting plugin WebMMoviePlayer
LogPluginManager: Mounting plugin WindowsMoviePlayer
LogStreaming: Display: Took  0.072s to configure plugins.
LogInit: Using libcurl 7.55.1-DEV
LogInit:  - built for x86_64-pc-win32
LogInit:  - supports SSL with OpenSSL/1.0.2h
LogInit:  - supports HTTP deflate (compression) using libz 1.2.8
LogInit:  - other features:
LogInit:      CURL_VERSION_SSL
LogInit:      CURL_VERSION_LIBZ
LogInit:      CURL_VERSION_IPV6
LogInit:      CURL_VERSION_ASYNCHDNS
LogInit:      CURL_VERSION_LARGEFILE
LogInit:      CURL_VERSION_IDN
LogInit:  CurlRequestOptions (configurable via config and command line):
LogInit:  - bVerifyPeer = true  - Libcurl will verify peer certificate
LogInit:  - bUseHttpProxy = false  - Libcurl will NOT use HTTP proxy
LogInit:  - bDontReuseConnections = false  - Libcurl will reuse connections
LogInit:  - MaxHostConnections = 16  - Libcurl will limit the number of connections to a host
LogInit:  - LocalHostAddr = Default
LogInit:  - BufferSize = 65536
LogInit: WinSock: version 1.1 (2.2), MaxSocks=32767, MaxUdp=65467
LogInit: Build: ++UE4+Release-4.21-CL-4753647
LogInit: Engine Version: 4.21.2-4753647+++UE4+Release-4.21
LogInit: Compatible Engine Version: 4.21.0-4541578+++UE4+Release-4.21
LogInit: Net CL: 4541578
LogInit: OS: Windows 10 (), CPU: Intel(R) Core(TM) i7-7700 CPU @ 3.60GHz, GPU: NVIDIA GeForce GTX 1070
LogInit: Compiled (64-bit): Jan 19 2019 02:07:31
LogInit: Compiled with Visual C++: 19.13.26129.00
LogInit: Build Configuration: Development
LogInit: Branch Name: ++UE4+Release-4.21
LogInit: Command Line:  -EpicPortal -epicusername=Annwn -epicuserid=3380ddd69d88423982287a74d232a165 -epiclocale=en-US
LogInit: Base Directory: C:/Program Files/Epic Games/UE_4.21/Engine/Binaries/Win64/
LogInit: Installed Engine Build: 1
LogDevObjectVersion: Number of dev versions registered: 22
LogDevObjectVersion:   Dev-Blueprints (B0D832E4-1F89-4F0D-ACCF-7EB736FD4AA2): 10
LogDevObjectVersion:   Dev-Build (E1C64328-A22C-4D53-A36C-8E866417BD8C): 0
LogDevObjectVersion:   Dev-Core (375EC13C-06E4-48FB-B500-84F0262A717E): 2
LogDevObjectVersion:   Dev-Editor (E4B068ED-F494-42E9-A231-DA0B2E46BB41): 26
LogDevObjectVersion:   Dev-Framework (CFFC743F-43B0-4480-9391-14DF171D2073): 34
LogDevObjectVersion:   Dev-Mobile (B02B49B5-BB20-44E9-A304-32B752E40360): 2
LogDevObjectVersion:   Dev-Networking (A4E4105C-59A1-49B5-A7C5-40C4547EDFEE): 0
LogDevObjectVersion:   Dev-Online (39C831C9-5AE6-47DC-9A44-9C173E1C8E7C): 0
LogDevObjectVersion:   Dev-Physics (78F01B33-EBEA-4F98-B9B4-84EACCB95AA2): 0
LogDevObjectVersion:   Dev-Platform (6631380F-2D4D-43E0-8009-CF276956A95A): 0
LogDevObjectVersion:   Dev-Rendering (12F88B9F-8875-4AFC-A67C-D90C383ABD29): 27
LogDevObjectVersion:   Dev-Sequencer (7B5AE74C-D270-4C10-A958-57980B212A5A): 9
LogDevObjectVersion:   Dev-VR (D7296918-1DD6-4BDD-9DE2-64A83CC13884): 2
LogDevObjectVersion:   Dev-LoadTimes (C2A15278-BFE7-4AFE-6C17-90FF531DF755): 1
LogDevObjectVersion:   Private-Geometry (6EACA3D4-40EC-4CC1-B786-8BED09428FC5): 3
LogDevObjectVersion:   Dev-AnimPhys (29E575DD-E0A3-4627-9D10-D276232CDCEA): 17
LogDevObjectVersion:   Dev-Anim (AF43A65D-7FD3-4947-9873-3E8ED9C1BB05): 2
LogDevObjectVersion:   Dev-ReflectionCapture (6B266CEC-1EC7-4B8F-A30B-E4D90942FC07): 1
LogDevObjectVersion:   Dev-Automation (0DF73D61-A23F-47EA-B727-89E90C41499A): 1
LogDevObjectVersion:   FortniteMain (601D1886-AC64-4F84-AA16-D3DE0DEAC7D6): 17
LogDevObjectVersion:   Dev-Enterprise (9DFFBCD6-494F-0158-E221-12823C92A888): 4
LogDevObjectVersion:   Dev-Niagara (F2AED0AC-9AFE-416F-8664-AA7FFA26D6FC): 1
LogStreaming: Display: Took  0.000s to delete old logs.
LogInit: Presizing for max 8388607 objects, including 0 objects not considered by GC, pre-allocating 0 bytes for permanent pool.
LogInit: Object subsystem initialized
LogConfig: Setting CVar [[con.DebugEarlyDefault:1]]
LogConfig: Setting CVar [[r.setres:1280x720]]
[2019.11.03-23.31.45:357][  0]LogConfig: Setting CVar [[r.VSync:0]]
[2019.11.03-23.31.45:357][  0]LogConfig: Setting CVar [[r.RHICmdBypass:0]]
[2019.11.03-23.31.45:358][  0]LogConfig: Applying CVar settings from Section [/Script/Engine.RendererSettings] File [Z:/Kendall/Documents/Unreal Projects/SlipspacePirates/Saved/Config/Windows/Engine.ini]
[2019.11.03-23.31.45:358][  0]LogConfig: Setting CVar [[r.GPUCrashDebugging:0]]
[2019.11.03-23.31.45:358][  0]LogConfig: Applying CVar settings from Section [/Script/Engine.RendererOverrideSettings] File [Z:/Kendall/Documents/Unreal Projects/SlipspacePirates/Saved/Config/Windows/Engine.ini]
[2019.11.03-23.31.45:358][  0]LogConfig: Applying CVar settings from Section [/Script/Engine.StreamingSettings] File [Z:/Kendall/Documents/Unreal Projects/SlipspacePirates/Saved/Config/Windows/Engine.ini]
[2019.11.03-23.31.45:358][  0]LogConfig: Setting CVar [[s.MinBulkDataSizeForAsyncLoading:131072]]
[2019.11.03-23.31.45:358][  0]LogConfig: Setting CVar [[s.AsyncLoadingThreadEnabled:0]]
[2019.11.03-23.31.45:358][  0]LogConfig: Setting CVar [[s.EventDrivenLoaderEnabled:1]]
[2019.11.03-23.31.45:358][  0]LogConfig: Setting CVar [[s.WarnIfTimeLimitExceeded:0]]
[2019.11.03-23.31.45:358][  0]LogConfig: Setting CVar [[s.TimeLimitExceededMultiplier:1.5]]
[2019.11.03-23.31.45:358][  0]LogConfig: Setting CVar [[s.TimeLimitExceededMinTime:0.005]]
[2019.11.03-23.31.45:358][  0]LogConfig: Setting CVar [[s.UseBackgroundLevelStreaming:1]]
[2019.11.03-23.31.45:358][  0]LogConfig: Setting CVar [[s.PriorityAsyncLoadingExtraTime:15.0]]
[2019.11.03-23.31.45:358][  0]LogConfig: Setting CVar [[s.LevelStreamingActorsUpdateTimeLimit:5.0]]
[2019.11.03-23.31.45:358][  0]LogConfig: Setting CVar [[s.PriorityLevelStreamingActorsUpdateExtraTime:5.0]]
[2019.11.03-23.31.45:358][  0]LogConfig: Setting CVar [[s.LevelStreamingComponentsRegistrationGranularity:10]]
[2019.11.03-23.31.45:358][  0]LogConfig: Setting CVar [[s.UnregisterComponentsTimeLimit:1.0]]
[2019.11.03-23.31.45:358][  0]LogConfig: Setting CVar [[s.LevelStreamingComponentsUnregistrationGranularity:5]]
[2019.11.03-23.31.45:358][  0]LogConfig: Applying CVar settings from Section [/Script/Engine.GarbageCollectionSettings] File [Z:/Kendall/Documents/Unreal Projects/SlipspacePirates/Saved/Config/Windows/Engine.ini]
[2019.11.03-23.31.45:358][  0]LogConfig: Setting CVar [[gc.MaxObjectsNotConsideredByGC:1]]
[2019.11.03-23.31.45:358][  0]LogConfig: Setting CVar [[gc.SizeOfPermanentObjectPool:0]]
[2019.11.03-23.31.45:358][  0]LogConfig: Setting CVar [[gc.FlushStreamingOnGC:0]]
[2019.11.03-23.31.45:358][  0]LogConfig: Setting CVar [[gc.NumRetriesBeforeForcingGC:10]]
[2019.11.03-23.31.45:358][  0]LogConfig: Setting CVar [[gc.AllowParallelGC:1]]
[2019.11.03-23.31.45:358][  0]LogConfig: Setting CVar [[gc.TimeBetweenPurgingPendingKillObjects:61.1]]
[2019.11.03-23.31.45:358][  0]LogConfig: Setting CVar [[gc.MaxObjectsInEditor:8388607]]
[2019.11.03-23.31.45:358][  0]LogConfig: Setting CVar [[gc.IncrementalBeginDestroyEnabled:1]]
[2019.11.03-23.31.45:358][  0]LogConfig: Setting CVar [[gc.CreateGCClusters:1]]
[2019.11.03-23.31.45:358][  0]LogConfig: Setting CVar [[gc.MergeGCClusters:0]]
[2019.11.03-23.31.45:358][  0]LogConfig: Setting CVar [[gc.MinGCClusterSize:5]]
[2019.11.03-23.31.45:358][  0]LogConfig: Setting CVar [[gc.ActorClusteringEnabled:0]]
[2019.11.03-23.31.45:358][  0]LogConfig: Setting CVar [[gc.BlueprintClusteringEnabled:0]]
[2019.11.03-23.31.45:358][  0]LogConfig: Setting CVar [[gc.UseDisregardForGCOnDedicatedServers:0]]
[2019.11.03-23.31.45:358][  0]LogConfig: Applying CVar settings from Section [/Script/Engine.NetworkSettings] File [Z:/Kendall/Documents/Unreal Projects/SlipspacePirates/Saved/Config/Windows/Engine.ini]
[2019.11.03-23.31.45:358][  0]LogConfig: Applying CVar settings from Section [/Script/UnrealEd.CookerSettings] File [Z:/Kendall/Documents/Unreal Projects/SlipspacePirates/Saved/Config/Windows/Engine.ini]
[2019.11.03-23.31.45:362][  0]LogConfig: Applying CVar settings from Section [ViewDistanceQuality@3] File [Z:/Kendall/Documents/Unreal Projects/SlipspacePirates/Saved/Config/Windows/Scalability.ini]
[2019.11.03-23.31.45:362][  0]LogConfig: Setting CVar [[r.SkeletalMeshLODBias:0]]
[2019.11.03-23.31.45:362][  0]LogConfig: Setting CVar [[r.ViewDistanceScale:1.0]]
[2019.11.03-23.31.45:362][  0]LogConfig: Applying CVar settings from Section [AntiAliasingQuality@3] File [Z:/Kendall/Documents/Unreal Projects/SlipspacePirates/Saved/Config/Windows/Scalability.ini]
[2019.11.03-23.31.45:362][  0]LogConfig: Setting CVar [[r.PostProcessAAQuality:4]]
[2019.11.03-23.31.45:362][  0]LogConfig: Applying CVar settings from Section [ShadowQuality@3] File [Z:/Kendall/Documents/Unreal Projects/SlipspacePirates/Saved/Config/Windows/Scalability.ini]
[2019.11.03-23.31.45:362][  0]LogConfig: Setting CVar [[r.LightFunctionQuality:1]]
[2019.11.03-23.31.45:362][  0]LogConfig: Setting CVar [[r.ShadowQuality:5]]
[2019.11.03-23.31.45:362][  0]LogConfig: Setting CVar [[r.Shadow.CSM.MaxCascades:10]]
[2019.11.03-23.31.45:362][  0]LogConfig: Setting CVar [[r.Shadow.MaxResolution:2048]]
[2019.11.03-23.31.45:362][  0]LogConfig: Setting CVar [[r.Shadow.MaxCSMResolution:2048]]
[2019.11.03-23.31.45:362][  0]LogConfig: Setting CVar [[r.Shadow.RadiusThreshold:0.01]]
[2019.11.03-23.31.45:362][  0]LogConfig: Setting CVar [[r.Shadow.DistanceScale:1.0]]
[2019.11.03-23.31.45:362][  0]LogConfig: Setting CVar [[r.Shadow.CSM.TransitionScale:1.0]]
[2019.11.03-23.31.45:362][  0]LogConfig: Setting CVar [[r.Shadow.PreShadowResolutionFactor:1.0]]
[2019.11.03-23.31.45:362][  0]LogConfig: Setting CVar [[r.DistanceFieldShadowing:1]]
[2019.11.03-23.31.45:362][  0]LogConfig: Setting CVar [[r.DistanceFieldAO:1]]
[2019.11.03-23.31.45:362][  0]LogConfig: Setting CVar [[r.AOQuality:2]]
[2019.11.03-23.31.45:362][  0]LogConfig: Setting CVar [[r.VolumetricFog:1]]
[2019.11.03-23.31.45:363][  0]LogConfig: Setting CVar [[r.VolumetricFog.GridPixelSize:8]]
[2019.11.03-23.31.45:363][  0]LogConfig: Setting CVar [[r.VolumetricFog.GridSizeZ:128]]
[2019.11.03-23.31.45:363][  0]LogConfig: Setting CVar [[r.VolumetricFog.HistoryMissSupersampleCount:4]]
[2019.11.03-23.31.45:363][  0]LogConfig: Setting CVar [[r.LightMaxDrawDistanceScale:1]]
[2019.11.03-23.31.45:363][  0]LogConfig: Setting CVar [[r.CapsuleShadows:1]]
[2019.11.03-23.31.45:363][  0]LogConfig: Applying CVar settings from Section [PostProcessQuality@3] File [Z:/Kendall/Documents/Unreal Projects/SlipspacePirates/Saved/Config/Windows/Scalability.ini]
[2019.11.03-23.31.45:363][  0]LogConfig: Setting CVar [[r.MotionBlurQuality:4]]
[2019.11.03-23.31.45:363][  0]LogConfig: Setting CVar [[r.AmbientOcclusionMipLevelFactor:0.4]]
[2019.11.03-23.31.45:363][  0]LogConfig: Setting CVar [[r.AmbientOcclusionMaxQuality:100]]
[2019.11.03-23.31.45:363][  0]LogConfig: Setting CVar [[r.AmbientOcclusionLevels:-1]]
[2019.11.03-23.31.45:363][  0]LogConfig: Setting CVar [[r.AmbientOcclusionRadiusScale:1.0]]
[2019.11.03-23.31.45:363][  0]LogConfig: Setting CVar [[r.DepthOfFieldQuality:2]]
[2019.11.03-23.31.45:363][  0]LogConfig: Setting CVar [[r.RenderTargetPoolMin:400]]
[2019.11.03-23.31.45:363][  0]LogConfig: Setting CVar [[r.LensFlareQuality:2]]
[2019.11.03-23.31.45:363][  0]LogConfig: Setting CVar [[r.SceneColorFringeQuality:1]]
[2019.11.03-23.31.45:363][  0]LogConfig: Setting CVar [[r.EyeAdaptationQuality:2]]
[2019.11.03-23.31.45:363][  0]LogConfig: Setting CVar [[r.BloomQuality:5]]
[2019.11.03-23.31.45:363][  0]LogConfig: Setting CVar [[r.FastBlurThreshold:100]]
[2019.11.03-23.31.45:363][  0]LogConfig: Setting CVar [[r.Upscale.Quality:3]]
[2019.11.03-23.31.45:363][  0]LogConfig: Setting CVar [[r.Tonemapper.GrainQuantization:1]]
[2019.11.03-23.31.45:363][  0]LogConfig: Setting CVar [[r.LightShaftQuality:1]]
[2019.11.03-23.31.45:363][  0]LogConfig: Setting CVar [[r.Filter.SizeScale:1]]
[2019.11.03-23.31.45:363][  0]LogConfig: Setting CVar [[r.Tonemapper.Quality:5]]
[2019.11.03-23.31.45:363][  0]LogConfig: Setting CVar [[r.DOF.Gather.AccumulatorQuality:1        ; higher gathering accumulator quality]]
[2019.11.03-23.31.45:363][  0]LogConfig: Setting CVar [[r.DOF.Gather.PostfilterMethod:1          ; Median3x3 postfilering method]]
[2019.11.03-23.31.45:363][  0]LogConfig: Setting CVar [[r.DOF.Gather.EnableBokehSettings:0       ; no bokeh simulation when gathering]]
[2019.11.03-23.31.45:363][  0]LogConfig: Setting CVar [[r.DOF.Gather.RingCount:4                 ; medium number of samples when gathering]]
[2019.11.03-23.31.45:363][  0]LogConfig: Setting CVar [[r.DOF.Scatter.ForegroundCompositing:1    ; additive foreground scattering]]
[2019.11.03-23.31.45:363][  0]LogConfig: Setting CVar [[r.DOF.Scatter.BackgroundCompositing:2    ; additive background scattering]]
[2019.11.03-23.31.45:363][  0]LogConfig: Setting CVar [[r.DOF.Scatter.EnableBokehSettings:1      ; bokeh simulation when scattering]]
[2019.11.03-23.31.45:363][  0]LogConfig: Setting CVar [[r.DOF.Scatter.MaxSpriteRatio:0.1         ; only a maximum of 10% of scattered bokeh]]
[2019.11.03-23.31.45:363][  0]LogConfig: Setting CVar [[r.DOF.Recombine.Quality:1                ; cheap slight out of focus]]
[2019.11.03-23.31.45:363][  0]LogConfig: Setting CVar [[r.DOF.Recombine.EnableBokehSettings:0    ; no bokeh simulation on slight out of focus]]
[2019.11.03-23.31.45:363][  0]LogConfig: Setting CVar [[r.DOF.TemporalAAQuality:1                ; more stable temporal accumulation]]
[2019.11.03-23.31.45:363][  0]LogConfig: Setting CVar [[r.DOF.Kernel.MaxForegroundRadius:0.025]]
[2019.11.03-23.31.45:363][  0]LogConfig: Setting CVar [[r.DOF.Kernel.MaxBackgroundRadius:0.025]]
[2019.11.03-23.31.45:363][  0]LogConfig: Applying CVar settings from Section [TextureQuality@3] File [Z:/Kendall/Documents/Unreal Projects/SlipspacePirates/Saved/Config/Windows/Scalability.ini]
[2019.11.03-23.31.45:363][  0]LogConfig: Setting CVar [[r.Streaming.MipBias:0]]
[2019.11.03-23.31.45:363][  0]LogConfig: Setting CVar [[r.Streaming.AmortizeCPUToGPUCopy:0]]
[2019.11.03-23.31.45:363][  0]LogConfig: Setting CVar [[r.Streaming.MaxNumTexturesToStreamPerFrame:0]]
[2019.11.03-23.31.45:363][  0]LogConfig: Setting CVar [[r.Streaming.Boost:1]]
[2019.11.03-23.31.45:363][  0]LogConfig: Setting CVar [[r.MaxAnisotropy:8]]
[2019.11.03-23.31.45:363][  0]LogConfig: Setting CVar [[r.Streaming.LimitPoolSizeToVRAM:0]]
[2019.11.03-23.31.45:363][  0]LogConfig: Setting CVar [[r.Streaming.PoolSize:1000]]
[2019.11.03-23.31.45:363][  0]LogConfig: Setting CVar [[r.Streaming.MaxEffectiveScreenSize:0]]
[2019.11.03-23.31.45:363][  0]LogConfig: Applying CVar settings from Section [EffectsQuality@3] File [Z:/Kendall/Documents/Unreal Projects/SlipspacePirates/Saved/Config/Windows/Scalability.ini]
[2019.11.03-23.31.45:363][  0]LogConfig: Setting CVar [[r.TranslucencyLightingVolumeDim:64]]
[2019.11.03-23.31.45:363][  0]LogConfig: Setting CVar [[r.RefractionQuality:2]]
[2019.11.03-23.31.45:363][  0]LogConfig: Setting CVar [[r.SSR.Quality:3]]
[2019.11.03-23.31.45:363][  0]LogConfig: Setting CVar [[r.SceneColorFormat:4]]
[2019.11.03-23.31.45:363][  0]LogConfig: Setting CVar [[r.DetailMode:2]]
[2019.11.03-23.31.45:363][  0]LogConfig: Setting CVar [[r.TranslucencyVolumeBlur:1]]
[2019.11.03-23.31.45:363][  0]LogConfig: Setting CVar [[r.MaterialQualityLevel:1 ; High quality]]
[2019.11.03-23.31.45:363][  0]LogConfig: Setting CVar [[r.SSS.Scale:1]]
[2019.11.03-23.31.45:363][  0]LogConfig: Setting CVar [[r.SSS.SampleSet:2]]
[2019.11.03-23.31.45:363][  0]LogConfig: Setting CVar [[r.SSS.Quality:1]]
[2019.11.03-23.31.45:363][  0]LogConfig: Setting CVar [[r.SSS.HalfRes:1]]
[2019.11.03-23.31.45:363][  0]LogConfig: Setting CVar [[r.EmitterSpawnRateScale:1.0]]
[2019.11.03-23.31.45:363][  0]LogConfig: Setting CVar [[r.ParticleLightQuality:2]]
[2019.11.03-23.31.45:363][  0]LogConfig: Applying CVar settings from Section [FoliageQuality@3] File [Z:/Kendall/Documents/Unreal Projects/SlipspacePirates/Saved/Config/Windows/Scalability.ini]
[2019.11.03-23.31.45:363][  0]LogConfig: Setting CVar [[foliage.DensityScale:1.0]]
[2019.11.03-23.31.45:363][  0]LogConfig: Setting CVar [[grass.DensityScale:1.0]]
[2019.11.03-23.31.45:363][  0]LogInit: Selected Device Profile: [Windows]
[2019.11.03-23.31.45:363][  0]LogInit: Applying CVar settings loaded from the selected device profile: [Windows]
[2019.11.03-23.31.45:375][  0]LogHAL: Display: Platform has ~ 16 GB [17142628352 / 17179869184 / 16], which maps to Larger [LargestMinGB=32, LargerMinGB=12, DefaultMinGB=8, SmallerMinGB=6, SmallestMinGB=0)
[2019.11.03-23.31.45:375][  0]LogConfig: Setting CVar [[r.Vulkan.UseRealUBs:1]]
[2019.11.03-23.31.45:375][  0]LogInit: Going up to parent DeviceProfile []
[2019.11.03-23.31.45:375][  0]LogConfig: Applying CVar settings from Section [ViewDistanceQuality@3] File [Z:/Kendall/Documents/Unreal Projects/SlipspacePirates/Saved/Config/Windows/Scalability.ini]
[2019.11.03-23.31.45:375][  0]LogConfig: Setting CVar [[r.SkeletalMeshLODBias:0]]
[2019.11.03-23.31.45:375][  0]LogConfig: Setting CVar [[r.ViewDistanceScale:1.0]]
[2019.11.03-23.31.45:375][  0]LogConfig: Applying CVar settings from Section [AntiAliasingQuality@3] File [Z:/Kendall/Documents/Unreal Projects/SlipspacePirates/Saved/Config/Windows/Scalability.ini]
[2019.11.03-23.31.45:375][  0]LogConfig: Setting CVar [[r.PostProcessAAQuality:4]]
[2019.11.03-23.31.45:376][  0]LogConfig: Applying CVar settings from Section [ShadowQuality@3] File [Z:/Kendall/Documents/Unreal Projects/SlipspacePirates/Saved/Config/Windows/Scalability.ini]
[2019.11.03-23.31.45:376][  0]LogConfig: Setting CVar [[r.LightFunctionQuality:1]]
[2019.11.03-23.31.45:376][  0]LogConfig: Setting CVar [[r.ShadowQuality:5]]
[2019.11.03-23.31.45:376][  0]LogConfig: Setting CVar [[r.Shadow.CSM.MaxCascades:10]]
[2019.11.03-23.31.45:376][  0]LogConfig: Setting CVar [[r.Shadow.MaxResolution:2048]]
[2019.11.03-23.31.45:376][  0]LogConfig: Setting CVar [[r.Shadow.MaxCSMResolution:2048]]
[2019.11.03-23.31.45:376][  0]LogConfig: Setting CVar [[r.Shadow.RadiusThreshold:0.01]]
[2019.11.03-23.31.45:376][  0]LogConfig: Setting CVar [[r.Shadow.DistanceScale:1.0]]
[2019.11.03-23.31.45:376][  0]LogConfig: Setting CVar [[r.Shadow.CSM.TransitionScale:1.0]]
[2019.11.03-23.31.45:376][  0]LogConfig: Setting CVar [[r.Shadow.PreShadowResolutionFactor:1.0]]
[2019.11.03-23.31.45:376][  0]LogConfig: Setting CVar [[r.DistanceFieldShadowing:1]]
[2019.11.03-23.31.45:376][  0]LogConfig: Setting CVar [[r.DistanceFieldAO:1]]
[2019.11.03-23.31.45:376][  0]LogConfig: Setting CVar [[r.AOQuality:2]]
[2019.11.03-23.31.45:376][  0]LogConfig: Setting CVar [[r.VolumetricFog:1]]
[2019.11.03-23.31.45:376][  0]LogConfig: Setting CVar [[r.VolumetricFog.GridPixelSize:8]]
[2019.11.03-23.31.45:376][  0]LogConfig: Setting CVar [[r.VolumetricFog.GridSizeZ:128]]
[2019.11.03-23.31.45:376][  0]LogConfig: Setting CVar [[r.VolumetricFog.HistoryMissSupersampleCount:4]]
[2019.11.03-23.31.45:376][  0]LogConfig: Setting CVar [[r.LightMaxDrawDistanceScale:1]]
[2019.11.03-23.31.45:376][  0]LogConfig: Setting CVar [[r.CapsuleShadows:1]]
[2019.11.03-23.31.45:376][  0]LogConfig: Applying CVar settings from Section [PostProcessQuality@3] File [Z:/Kendall/Documents/Unreal Projects/SlipspacePirates/Saved/Config/Windows/Scalability.ini]
[2019.11.03-23.31.45:376][  0]LogConfig: Setting CVar [[r.MotionBlurQuality:4]]
[2019.11.03-23.31.45:376][  0]LogConfig: Setting CVar [[r.AmbientOcclusionMipLevelFactor:0.4]]
[2019.11.03-23.31.45:376][  0]LogConfig: Setting CVar [[r.AmbientOcclusionMaxQuality:100]]
[2019.11.03-23.31.45:376][  0]LogConfig: Setting CVar [[r.AmbientOcclusionLevels:-1]]
[2019.11.03-23.31.45:376][  0]LogConfig: Setting CVar [[r.AmbientOcclusionRadiusScale:1.0]]
[2019.11.03-23.31.45:376][  0]LogConfig: Setting CVar [[r.DepthOfFieldQuality:2]]
[2019.11.03-23.31.45:376][  0]LogConfig: Setting CVar [[r.RenderTargetPoolMin:400]]
[2019.11.03-23.31.45:376][  0]LogConfig: Setting CVar [[r.LensFlareQuality:2]]
[2019.11.03-23.31.45:376][  0]LogConfig: Setting CVar [[r.SceneColorFringeQuality:1]]
[2019.11.03-23.31.45:376][  0]LogConfig: Setting CVar [[r.EyeAdaptationQuality:2]]
[2019.11.03-23.31.45:376][  0]LogConfig: Setting CVar [[r.BloomQuality:5]]
[2019.11.03-23.31.45:376][  0]LogConfig: Setting CVar [[r.FastBlurThreshold:100]]
[2019.11.03-23.31.45:376][  0]LogConfig: Setting CVar [[r.Upscale.Quality:3]]
[2019.11.03-23.31.45:376][  0]LogConfig: Setting CVar [[r.Tonemapper.GrainQuantization:1]]
[2019.11.03-23.31.45:376][  0]LogConfig: Setting CVar [[r.LightShaftQuality:1]]
[2019.11.03-23.31.45:376][  0]LogConfig: Setting CVar [[r.Filter.SizeScale:1]]
[2019.11.03-23.31.45:376][  0]LogConfig: Setting CVar [[r.Tonemapper.Quality:5]]
[2019.11.03-23.31.45:376][  0]LogConfig: Setting CVar [[r.DOF.Gather.AccumulatorQuality:1        ; higher gathering accumulator quality]]
[2019.11.03-23.31.45:376][  0]LogConfig: Setting CVar [[r.DOF.Gather.PostfilterMethod:1          ; Median3x3 postfilering method]]
[2019.11.03-23.31.45:376][  0]LogConfig: Setting CVar [[r.DOF.Gather.EnableBokehSettings:0       ; no bokeh simulation when gathering]]
[2019.11.03-23.31.45:376][  0]LogConfig: Setting CVar [[r.DOF.Gather.RingCount:4                 ; medium number of samples when gathering]]
[2019.11.03-23.31.45:376][  0]LogConfig: Setting CVar [[r.DOF.Scatter.ForegroundCompositing:1    ; additive foreground scattering]]
[2019.11.03-23.31.45:376][  0]LogConfig: Setting CVar [[r.DOF.Scatter.BackgroundCompositing:2    ; additive background scattering]]
[2019.11.03-23.31.45:376][  0]LogConfig: Setting CVar [[r.DOF.Scatter.EnableBokehSettings:1      ; bokeh simulation when scattering]]
[2019.11.03-23.31.45:376][  0]LogConfig: Setting CVar [[r.DOF.Scatter.MaxSpriteRatio:0.1         ; only a maximum of 10% of scattered bokeh]]
[2019.11.03-23.31.45:376][  0]LogConfig: Setting CVar [[r.DOF.Recombine.Quality:1                ; cheap slight out of focus]]
[2019.11.03-23.31.45:376][  0]LogConfig: Setting CVar [[r.DOF.Recombine.EnableBokehSettings:0    ; no bokeh simulation on slight out of focus]]
[2019.11.03-23.31.45:376][  0]LogConfig: Setting CVar [[r.DOF.TemporalAAQuality:1                ; more stable temporal accumulation]]
[2019.11.03-23.31.45:376][  0]LogConfig: Setting CVar [[r.DOF.Kernel.MaxForegroundRadius:0.025]]
[2019.11.03-23.31.45:376][  0]LogConfig: Setting CVar [[r.DOF.Kernel.MaxBackgroundRadius:0.025]]
[2019.11.03-23.31.45:376][  0]LogConfig: Applying CVar settings from Section [TextureQuality@3] File [Z:/Kendall/Documents/Unreal Projects/SlipspacePirates/Saved/Config/Windows/Scalability.ini]
[2019.11.03-23.31.45:376][  0]LogConfig: Setting CVar [[r.Streaming.MipBias:0]]
[2019.11.03-23.31.45:376][  0]LogConfig: Setting CVar [[r.Streaming.AmortizeCPUToGPUCopy:0]]
[2019.11.03-23.31.45:376][  0]LogConfig: Setting CVar [[r.Streaming.MaxNumTexturesToStreamPerFrame:0]]
[2019.11.03-23.31.45:376][  0]LogConfig: Setting CVar [[r.Streaming.Boost:1]]
[2019.11.03-23.31.45:376][  0]LogConfig: Setting CVar [[r.MaxAnisotropy:8]]
[2019.11.03-23.31.45:376][  0]LogConfig: Setting CVar [[r.Streaming.LimitPoolSizeToVRAM:0]]
[2019.11.03-23.31.45:376][  0]LogConfig: Setting CVar [[r.Streaming.PoolSize:1000]]
[2019.11.03-23.31.45:376][  0]LogConfig: Setting CVar [[r.Streaming.MaxEffectiveScreenSize:0]]
[2019.11.03-23.31.45:376][  0]LogConfig: Applying CVar settings from Section [EffectsQuality@3] File [Z:/Kendall/Documents/Unreal Projects/SlipspacePirates/Saved/Config/Windows/Scalability.ini]
[2019.11.03-23.31.45:376][  0]LogConfig: Setting CVar [[r.TranslucencyLightingVolumeDim:64]]
[2019.11.03-23.31.45:376][  0]LogConfig: Setting CVar [[r.RefractionQuality:2]]
[2019.11.03-23.31.45:376][  0]LogConfig: Setting CVar [[r.SSR.Quality:3]]
[2019.11.03-23.31.45:376][  0]LogConfig: Setting CVar [[r.SceneColorFormat:4]]
[2019.11.03-23.31.45:376][  0]LogConfig: Setting CVar [[r.DetailMode:2]]
[2019.11.03-23.31.45:376][  0]LogConfig: Setting CVar [[r.TranslucencyVolumeBlur:1]]
[2019.11.03-23.31.45:376][  0]LogConfig: Setting CVar [[r.MaterialQualityLevel:1 ; High quality]]
[2019.11.03-23.31.45:376][  0]LogConfig: Setting CVar [[r.SSS.Scale:1]]
[2019.11.03-23.31.45:376][  0]LogConfig: Setting CVar [[r.SSS.SampleSet:2]]
[2019.11.03-23.31.45:376][  0]LogConfig: Setting CVar [[r.SSS.Quality:1]]
[2019.11.03-23.31.45:376][  0]LogConfig: Setting CVar [[r.SSS.HalfRes:1]]
[2019.11.03-23.31.45:376][  0]LogConfig: Setting CVar [[r.EmitterSpawnRateScale:1.0]]
[2019.11.03-23.31.45:376][  0]LogConfig: Setting CVar [[r.ParticleLightQuality:2]]
[2019.11.03-23.31.45:377][  0]LogConfig: Applying CVar settings from Section [FoliageQuality@3] File [Z:/Kendall/Documents/Unreal Projects/SlipspacePirates/Saved/Config/Windows/Scalability.ini]
[2019.11.03-23.31.45:377][  0]LogConfig: Setting CVar [[foliage.DensityScale:1.0]]
[2019.11.03-23.31.45:377][  0]LogConfig: Setting CVar [[grass.DensityScale:1.0]]
[2019.11.03-23.31.45:377][  0]LogConfig: Applying CVar settings from Section [Startup] File [../../../Engine/Config/ConsoleVariables.ini]
[2019.11.03-23.31.45:377][  0]LogConfig: Setting CVar [[net.UseAdaptiveNetUpdateFrequency:0]]
[2019.11.03-23.31.45:377][  0]LogConfig: Applying CVar settings from Section [ConsoleVariables] File [Z:/Kendall/Documents/Unreal Projects/SlipspacePirates/Saved/Config/Windows/Engine.ini]
[2019.11.03-23.31.45:377][  0]LogInit: Computer: DESKTOP-GGF25P5
[2019.11.03-23.31.45:377][  0]LogInit: User: kb004
[2019.11.03-23.31.45:377][  0]LogInit: CPU Page size=4096, Cores=4
[2019.11.03-23.31.45:377][  0]LogInit: High frequency timer resolution =10.000000 MHz
[2019.11.03-23.31.45:377][  0]LogMemory: Memory total: Physical=16.0GB (16GB approx)
[2019.11.03-23.31.45:377][  0]LogMemory: Platform Memory Stats for Windows
[2019.11.03-23.31.45:377][  0]LogMemory: Process Physical Memory: 103.73 MB used, 103.74 MB peak
[2019.11.03-23.31.45:377][  0]LogMemory: Process Virtual Memory: 89.63 MB used, 89.63 MB peak
[2019.11.03-23.31.45:377][  0]LogMemory: Physical Memory: 6302.23 MB used,  10046.25 MB free, 16348.48 MB total
[2019.11.03-23.31.45:377][  0]LogMemory: Virtual Memory: 4648.42 MB used,  134213080.00 MB free, 134217728.00 MB total
[2019.11.03-23.31.45:395][  0]LogInit: Using OS detected language (en-US).
[2019.11.03-23.31.45:395][  0]LogInit: Using OS detected locale (en-US).
[2019.11.03-23.31.45:395][  0]LogTextLocalizationManager: No specific localization for 'en-US' exists, so the 'en' localization will be used.
[2019.11.03-23.31.45:771][  0]LogStreaming: Display: Took  0.377s to InitEngineTextLocalization.
[2019.11.03-23.31.45:772][  0]LogInit: Setting process to per monitor DPI aware
[2019.11.03-23.31.45:808][  0]LogSlate: New Slate User Created.  User Index 0, Is Virtual User: 0
[2019.11.03-23.31.45:808][  0]LogSlate: Slate User Registered.  User Index 0, Is Virtual User: 0
[2019.11.03-23.31.45:961][  0]LogHMD: Failed to initialize OpenVR with code 110
[2019.11.03-23.31.45:961][  0]LogD3D11RHI: D3D11 adapters:
[2019.11.03-23.31.46:020][  0]LogD3D11RHI:    0. 'NVIDIA GeForce GTX 1070' (Feature Level 11_0)
[2019.11.03-23.31.46:020][  0]LogD3D11RHI:       8088/0/8174 MB DedicatedVideo/DedicatedSystem/SharedSystem, Outputs:2, VendorId:0x10de
[2019.11.03-23.31.46:022][  0]LogD3D11RHI:    1. 'Microsoft Basic Render Driver' (Feature Level 11_0)
[2019.11.03-23.31.46:022][  0]LogD3D11RHI:       0/0/8174 MB DedicatedVideo/DedicatedSystem/SharedSystem, Outputs:0, VendorId:0x1414
[2019.11.03-23.31.46:022][  0]LogD3D11RHI: Chosen D3D11 Adapter: 0
[2019.11.03-23.31.46:028][  0]LogD3D11RHI: Creating new Direct3DDevice
[2019.11.03-23.31.46:028][  0]LogD3D11RHI:     GPU DeviceId: 0x1b81 (for the marketing name, search the web for "GPU Device Id")
[2019.11.03-23.31.46:028][  0]LogWindows: EnumDisplayDevices:
[2019.11.03-23.31.46:028][  0]LogWindows:    0. 'NVIDIA GeForce GTX 1070' (P:0 D:1)
[2019.11.03-23.31.46:028][  0]LogWindows:    1. 'NVIDIA GeForce GTX 1070' (P:1 D:1)
[2019.11.03-23.31.46:029][  0]LogWindows:    2. 'NVIDIA GeForce GTX 1070' (P:0 D:0)
[2019.11.03-23.31.46:029][  0]LogWindows:    3. 'NVIDIA GeForce GTX 1070' (P:0 D:0)
[2019.11.03-23.31.46:029][  0]LogWindows: DebugString: FoundDriverCount:4 
[2019.11.03-23.31.46:029][  0]LogD3D11RHI:     Adapter Name: NVIDIA GeForce GTX 1070
[2019.11.03-23.31.46:029][  0]LogD3D11RHI:   Driver Version: 436.30 (internal:26.21.14.3630, unified:436.30)
[2019.11.03-23.31.46:029][  0]LogD3D11RHI:      Driver Date: 9-5-2019
[2019.11.03-23.31.46:029][  0]LogRHI: Texture pool is 5661 MB (70% of 8088 MB)
[2019.11.03-23.31.46:066][  0]LogD3D11RHI: Async texture creation enabled
[2019.11.03-23.31.46:081][  0]LogD3D11RHI: GPU Timing Frequency: 1000.000000 (Debug: 2 1)
[2019.11.03-23.31.46:388][  0]LogTemp: Display: Loaded TP AllDesktopTargetPlatform
[2019.11.03-23.31.46:398][  0]LogTemp: Display: Loaded TP MacClientTargetPlatform
[2019.11.03-23.31.46:410][  0]LogTemp: Display: Loaded TP MacNoEditorTargetPlatform
[2019.11.03-23.31.46:426][  0]LogTemp: Display: Loaded TP MacServerTargetPlatform
[2019.11.03-23.31.46:442][  0]LogTemp: Display: Loaded TP MacTargetPlatform
[2019.11.03-23.31.46:455][  0]LogTemp: Display: Loaded TP WindowsClientTargetPlatform
[2019.11.03-23.31.46:475][  0]LogTemp: Display: Loaded TP WindowsNoEditorTargetPlatform
[2019.11.03-23.31.46:492][  0]LogTemp: Display: Loaded TP WindowsServerTargetPlatform
[2019.11.03-23.31.46:498][  0]LogTemp: Display: Loaded TP WindowsTargetPlatform
[2019.11.03-23.31.46:576][  0]LogTemp: Display: Loaded TP AndroidTargetPlatform
[2019.11.03-23.31.46:577][  0]LogTemp: Display: Loaded TP AndroidTargetPlatform
[2019.11.03-23.31.46:577][  0]LogTemp: Display: Loaded TP AndroidTargetPlatform
[2019.11.03-23.31.46:577][  0]LogTemp: Display: Loaded TP AndroidTargetPlatform
[2019.11.03-23.31.46:577][  0]LogTemp: Display: Loaded TP AndroidTargetPlatform
[2019.11.03-23.31.46:577][  0]LogTemp: Display: Loaded TP AndroidTargetPlatform
[2019.11.03-23.31.46:577][  0]LogTemp: Display: Loaded TP AndroidTargetPlatform
[2019.11.03-23.31.46:577][  0]LogTemp: Display: Loaded TP AndroidTargetPlatform
[2019.11.03-23.31.46:577][  0]LogTemp: Display: Loaded TP AndroidTargetPlatform
[2019.11.03-23.31.46:577][  0]LogTemp: Display: Loaded TP AndroidTargetPlatform
[2019.11.03-23.31.46:577][  0]LogTemp: Display: Loaded TP AndroidTargetPlatform
[2019.11.03-23.31.46:577][  0]LogTemp: Display: Loaded TP AndroidTargetPlatform
[2019.11.03-23.31.46:577][  0]LogTemp: Display: Loaded TP AndroidTargetPlatform
[2019.11.03-23.31.46:577][  0]LogTemp: Display: Loaded TP AndroidTargetPlatform
[2019.11.03-23.31.46:577][  0]LogTemp: Display: Loaded TP AndroidTargetPlatform
[2019.11.03-23.31.46:577][  0]LogTemp: Display: Loaded TP AndroidTargetPlatform
[2019.11.03-23.31.46:577][  0]LogTemp: Display: Loaded TP AndroidTargetPlatform
[2019.11.03-23.31.46:577][  0]LogTemp: Display: Loaded TP AndroidTargetPlatform
[2019.11.03-23.31.46:578][  0]LogTemp: Display: Loaded TP HTML5TargetPlatform
[2019.11.03-23.31.46:634][  0]LogTemp: Display: Loaded TP IOSTargetPlatform
[2019.11.03-23.31.46:634][  0]LogTemp: Display: Loaded TP IOSTargetPlatform
[2019.11.03-23.31.46:653][  0]LogTemp: Display: Loaded TP TVOSTargetPlatform
[2019.11.03-23.31.46:653][  0]LogTemp: Display: Loaded TP TVOSTargetPlatform
[2019.11.03-23.31.46:663][  0]LogTemp: Display: Loaded TP LinuxClientTargetPlatform
[2019.11.03-23.31.46:676][  0]LogTemp: Display: Loaded TP LinuxNoEditorTargetPlatform
[2019.11.03-23.31.46:688][  0]LogTemp: Display: Loaded TP LinuxServerTargetPlatform
[2019.11.03-23.31.46:699][  0]LogTemp: Display: Loaded TP LinuxTargetPlatform
[2019.11.03-23.31.46:741][  0]LogTemp: Display: Loaded TP LuminTargetPlatform
[2019.11.03-23.31.46:741][  0]LogTemp: Display: Loaded TP LuminTargetPlatform
[2019.11.03-23.31.46:741][  0]LogTargetPlatformManager: Display: Building Assets For Windows
[2019.11.03-23.31.46:787][  0]LogShaderCompilers: Guid format shader working directory is -7 characters bigger than the processId version (Z:/Kendall/Documents/Unreal Projects/SlipspacePirates/Intermediate/Shaders/WorkingDirectory/2684/).
[2019.11.03-23.31.46:787][  0]LogShaderCompilers: Cleaned the shader compiler working directory 'C:/Users/kb004/AppData/Local/Temp/UnrealShaderWorkingDir/0FA8B813406920CA08146EA6A5C008D0/'.
[2019.11.03-23.31.46:789][  0]LogXGEController: Cannot use XGE Controller as Incredibuild is not installed on this machine.
[2019.11.03-23.31.46:789][  0]LogShaderCompilers: Cannot use XGE Shader Compiler as Incredibuild is not installed on this machine.
[2019.11.03-23.31.46:789][  0]LogShaderCompilers: Display: Using Local Shader Compiler.
[2019.11.03-23.31.47:254][  0]LogDerivedDataCache: Display: Max Cache Size: 512 MB
[2019.11.03-23.31.47:298][  0]LogDerivedDataCache: Loaded boot cache 0.04s 71MB C:/Users/kb004/AppData/Local/UnrealEngine/4.21/DerivedDataCache/Boot.ddc.
[2019.11.03-23.31.47:298][  0]LogDerivedDataCache: Display: Loaded Boot cache: C:/Users/kb004/AppData/Local/UnrealEngine/4.21/DerivedDataCache/Boot.ddc
[2019.11.03-23.31.47:298][  0]LogDerivedDataCache: FDerivedDataBackendGraph:  Pak pak cache file Z:/Kendall/Documents/Unreal Projects/SlipspacePirates/DerivedDataCache/DDC.ddp not found, will not use a pak cache.
[2019.11.03-23.31.47:298][  0]LogDerivedDataCache: Unable to find inner node Pak for hierarchical cache Hierarchy.
[2019.11.03-23.31.47:298][  0]LogDerivedDataCache: FDerivedDataBackendGraph:  CompressedPak pak cache file Z:/Kendall/Documents/Unreal Projects/SlipspacePirates/DerivedDataCache/Compressed.ddp not found, will not use a pak cache.
[2019.11.03-23.31.47:298][  0]LogDerivedDataCache: Unable to find inner node CompressedPak for hierarchical cache Hierarchy.
[2019.11.03-23.31.47:312][  0]LogDerivedDataCache: Display: Pak cache opened for reading ../../../Engine/DerivedDataCache/Compressed.ddp.
[2019.11.03-23.31.47:312][  0]LogDerivedDataCache: FDerivedDataBackendGraph:  EnterprisePak pak cache file ../../../Enterprise/DerivedDataCache/Compressed.ddp not found, will not use a pak cache.
[2019.11.03-23.31.47:312][  0]LogDerivedDataCache: Unable to find inner node EnterprisePak for hierarchical cache Hierarchy.
[2019.11.03-23.31.47:324][  0]LogDerivedDataCache: Using Local data cache path C:/Users/kb004/AppData/Local/UnrealEngine/Common/DerivedDataCache: Writable
[2019.11.03-23.31.47:324][  0]LogDerivedDataCache: Shared data cache path not found in *engine.ini, will not use an Shared cache.
[2019.11.03-23.31.47:324][  0]LogDerivedDataCache: Unable to find inner node Shared for hierarchical cache Hierarchy.
[2019.11.03-23.31.47:345][  0]LogMaterial: Verifying Global Shaders for PCD3D_SM5
[2019.11.03-23.31.47:346][  0]LogSlate: Using FreeType 2.6.0
[2019.11.03-23.31.47:346][  0]LogSlate: SlateFontServices - WITH_FREETYPE: 1, WITH_HARFBUZZ: 1
[2019.11.03-23.31.47:423][  0]LogAssetRegistry: FAssetRegistry took 0.0318 seconds to start up
[2019.11.03-23.31.47:703][  0]LogInit: Selected Device Profile: [Windows]
[2019.11.03-23.31.47:832][  0]LogSimplygon: Simplygon DLL not present - disabling.
[2019.11.03-23.31.47:835][  0]LogMeshReduction: Using SimplygonSwarm for distributed automatic mesh merging
[2019.11.03-23.31.47:835][  0]LogMeshReduction: Using ProxyLODMeshReduction for automatic mesh merging
[2019.11.03-23.31.47:835][  0]LogMeshReduction: Using QuadricMeshReduction for automatic static mesh reduction
[2019.11.03-23.31.47:835][  0]LogMeshReduction: No automatic skeletal mesh reduction module available
[2019.11.03-23.31.47:851][  0]LogNetVersion: SlipspacePirates 1.0.0, NetCL: 4541578, EngineNetVer: 5, GameNetVer: 0 (Checksum: 2179718024)
[2019.11.03-23.31.48:321][  0]LogPackageLocalizationCache: Processed 11 localized package path(s) for 2 prioritized culture(s) in 0.080352 seconds
[2019.11.03-23.31.48:327][  0]LogUObjectArray: 39775 objects as part of root set at end of initial load.
[2019.11.03-23.31.48:327][  0]LogUObjectAllocator: 6914656 out of 0 bytes used by permanent object pool.
[2019.11.03-23.31.48:327][  0]LogUObjectArray: CloseDisregardForGC: 0/0 objects in disregard for GC pool
[2019.11.03-23.31.49:021][  0]LogTcpMessaging: Initializing TcpMessaging bridge
[2019.11.03-23.31.49:033][  0]LogUdpMessaging: Initializing bridge on interface 0.0.0.0:0 to multicast group 230.0.0.1:6666.
[2019.11.03-23.31.49:595][  0]SourceControl: Source control is disabled
[2019.11.03-23.31.49:595][  0]SourceControl: Source control is disabled
[2019.11.03-23.31.49:595][  0]SourceControl: Source control is disabled
[2019.11.03-23.31.49:596][  0]SourceControl: Source control is disabled
[2019.11.03-23.31.49:762][  0]LogAndroidPermission: UAndroidPermissionCallbackProxy::GetInstance
[2019.11.03-23.31.49:878][  0]LogOcInput: OculusInput pre-init called
[2019.11.03-23.31.50:072][  0]LogEngine: Initializing Engine...
[2019.11.03-23.31.50:073][  0]LogHMD: Failed to initialize OpenVR with code 110
[2019.11.03-23.31.50:074][  0]LogStats: UGameplayTagsManager::ConstructGameplayTagTree: ImportINI prefixes -  0.000 s
[2019.11.03-23.31.50:074][  0]LogStats: UGameplayTagsManager::ConstructGameplayTagTree: Construct from data asset -  0.000 s
[2019.11.03-23.31.50:075][  0]LogStats: UGameplayTagsManager::ConstructGameplayTagTree: ImportINI -  0.000 s
[2019.11.03-23.31.50:075][  0]LogStats: UGameplayTagsManager::ConstructGameplayTagTree: GameplayTagTreeChangedEvent.Broadcast -  0.000 s
[2019.11.03-23.31.50:278][  0]LogInit: Initializing FReadOnlyCVARCache
[2019.11.03-23.31.50:289][  0]LogAIModule: Creating AISystem for world Untitled
[2019.11.03-23.31.50:318][  0]LogInit: XAudio2 using 'LG ULTRAWIDE (NVIDIA High Definition Audio)' : 2 channels at 48 kHz using 16 bits per sample (channel mask 0x3)
[2019.11.03-23.31.50:333][  0]LogInit: FAudioDevice initialized.
[2019.11.03-23.31.50:333][  0]LogNetVersion: Set ProjectVersion to 1.0.0.0. Version Checksum will be recalculated on next use.
[2019.11.03-23.31.50:401][  0]LogDerivedDataCache: Saved boot cache 0.07s 71MB C:/Users/kb004/AppData/Local/UnrealEngine/4.21/DerivedDataCache/Boot.ddc.
[2019.11.03-23.31.50:411][  0]LogInit: Texture streaming: Enabled
[2019.11.03-23.31.50:426][  0]LogEngineSessionManager: EngineSessionManager initialized
[2019.11.03-23.31.50:426][  0]LogEngineSessionManager: EngineSessionManager sent abnormal shutdown report. Type=AbnormalShutdown, SessionId={0856C451-4370-0F57-81DB-60A4E2AC26C4}
[2019.11.03-23.31.50:426][  0]LogEngineSessionManager: EngineSessionManager sent abnormal shutdown report. Type=Crashed, SessionId={0BFAF6B4-4C51-61C8-0C9E-B3AEEFC655E2}
[2019.11.03-23.31.50:435][  0]LogInit: Transaction tracking system initialized
[2019.11.03-23.31.50:452][  0]BlueprintLog: New page: Editor Load
[2019.11.03-23.31.50:514][  0]LocalizationService: Localization service is disabled
[2019.11.03-23.31.50:896][  0]LogFileCache: Scanning file cache for directory 'Z:/Kendall/Documents/Unreal Projects/SlipspacePirates/Content/' took 0.01s
[2019.11.03-23.31.50:896][  0]LogCook: Display: Max memory allowance for cook 16384mb min free memory 0mb
[2019.11.03-23.31.50:896][  0]LogCook: Display: Mobile HDR setting 1
[2019.11.03-23.31.50:896][  0]LogGameplayTags: Display: UGameplayTagsManager::DoneAddingNativeTags. DelegateIsBound: 0
[2019.11.03-23.31.50:896][  0]LogStats: UGameplayTagsManager::ConstructGameplayTagTree: ImportINI prefixes -  0.000 s
[2019.11.03-23.31.50:896][  0]LogStats: UGameplayTagsManager::ConstructGameplayTagTree: Construct from data asset -  0.000 s
[2019.11.03-23.31.50:896][  0]LogStats: UGameplayTagsManager::ConstructGameplayTagTree: ImportINI -  0.000 s
[2019.11.03-23.31.50:896][  0]LogStats: UGameplayTagsManager::ConstructGameplayTagTree: GameplayTagTreeChangedEvent.Broadcast -  0.000 s
[2019.11.03-23.31.50:988][  0]SourceControl: Source control is disabled
[2019.11.03-23.31.50:988][  0]Cmd: MAP LOAD FILE="../../../Engine/Content/Maps/Templates/Template_Default.umap" TEMPLATE=1 SHOWPROGRESS=1 FEATURELEVEL=3
[2019.11.03-23.31.50:989][  0]LightingResults: New page: Lighting Build
[2019.11.03-23.31.50:992][  0]MapCheck: New page: Map Check
[2019.11.03-23.31.50:992][  0]LightingResults: New page: Lighting Build
[2019.11.03-23.31.51:144][  0]LogAIModule: Creating AISystem for world Untitled_1
[2019.11.03-23.31.51:149][  0]LogEditorServer: Finished looking for orphan Actors (0.000 secs)
[2019.11.03-23.31.51:169][  0]Cmd: MAP CHECKDEP NOCLEARLOG
[2019.11.03-23.31.51:169][  0]MapCheck: Map check complete: 0 Error(s), 0 Warning(s), took 0.105ms to complete.
[2019.11.03-23.31.51:169][  0]LogFileHelpers: Loading map 'Template_Default' took 0.180
[2019.11.03-23.31.51:290][  0]LogSlate: Updating window title bar state: overlay mode, drag disabled, window buttons hidden, title bar hidden
[2019.11.03-23.31.51:295][  0]LogSlate: Updating window title bar state: overlay mode, drag disabled, window buttons hidden, title bar hidden
[2019.11.03-23.31.51:300][  0]LogSlate: Updating window title bar state: overlay mode, drag disabled, window buttons hidden, title bar hidden
[2019.11.03-23.31.51:306][  0]LogSlate: Updating window title bar state: overlay mode, drag disabled, window buttons hidden, title bar hidden
[2019.11.03-23.31.51:311][  0]LogCollectionManager: Loaded 0 collections in 0.001306 seconds
[2019.11.03-23.31.51:350][  0]LogFileCache: Scanning file cache for directory 'Z:/Kendall/Documents/Unreal Projects/SlipspacePirates/Saved/Collections/' took 0.01s
[2019.11.03-23.31.51:350][  0]LogFileCache: Scanning file cache for directory 'Z:/Kendall/Documents/Unreal Projects/SlipspacePirates/Content/Developers/kb004/Collections/' took 0.01s
[2019.11.03-23.31.51:350][  0]LogFileCache: Scanning file cache for directory 'Z:/Kendall/Documents/Unreal Projects/SlipspacePirates/Content/Collections/' took 0.01s
[2019.11.03-23.31.51:350][  0]LogCollectionManager: Rebuilt the GUID cache for 0 collections in 0.000000 seconds
[2019.11.03-23.31.51:358][  0]LogContentBrowser: Native class hierarchy populated in 0.0078 seconds. Added 2651 classes and 620 folders.
[2019.11.03-23.31.51:364][  0]LogContentBrowser: Native class hierarchy updated for 'WidgetCarousel' in 0.0003 seconds. Added 0 classes and 0 folders.
[2019.11.03-23.31.51:365][  0]LogPakFile: Registered encryption key '00000000000000000000000000000000': 0 pak files mounted, 0 remain pending
[2019.11.03-23.31.51:365][  0]LogPakFile: Registered encryption key '00000000000000000000000000000000': 0 pak files mounted, 0 remain pending
[2019.11.03-23.31.51:366][  0]LogPakFile: Registered encryption key '00000000000000000000000000000000': 0 pak files mounted, 0 remain pending
[2019.11.03-23.31.51:366][  0]LogPakFile: Registered encryption key '00000000000000000000000000000000': 0 pak files mounted, 0 remain pending
[2019.11.03-23.31.51:366][  0]LogPakFile: Registered encryption key '00000000000000000000000000000000': 0 pak files mounted, 0 remain pending
[2019.11.03-23.31.51:367][  0]LogPakFile: Registered encryption key '00000000000000000000000000000000': 0 pak files mounted, 0 remain pending
[2019.11.03-23.31.51:367][  0]LogPakFile: Registered encryption key '00000000000000000000000000000000': 0 pak files mounted, 0 remain pending
[2019.11.03-23.31.51:368][  0]LogPakFile: Registered encryption key '00000000000000000000000000000000': 0 pak files mounted, 0 remain pending
[2019.11.03-23.31.51:368][  0]LogPakFile: Registered encryption key '00000000000000000000000000000000': 0 pak files mounted, 0 remain pending
[2019.11.03-23.31.51:369][  0]LogPakFile: Registered encryption key '00000000000000000000000000000000': 0 pak files mounted, 0 remain pending
[2019.11.03-23.31.51:369][  0]LogPakFile: Registered encryption key '00000000000000000000000000000000': 0 pak files mounted, 0 remain pending
[2019.11.03-23.31.51:370][  0]LogPakFile: Registered encryption key '00000000000000000000000000000000': 0 pak files mounted, 0 remain pending
[2019.11.03-23.31.51:370][  0]LogPakFile: Registered encryption key '00000000000000000000000000000000': 0 pak files mounted, 0 remain pending
[2019.11.03-23.31.51:371][  0]LogPakFile: Registered encryption key '00000000000000000000000000000000': 0 pak files mounted, 0 remain pending
[2019.11.03-23.31.51:372][  0]LogPakFile: Registered encryption key '00000000000000000000000000000000': 0 pak files mounted, 0 remain pending
[2019.11.03-23.31.51:373][  0]LogPakFile: Registered encryption key '00000000000000000000000000000000': 0 pak files mounted, 0 remain pending
[2019.11.03-23.31.51:373][  0]LogPakFile: Registered encryption key '00000000000000000000000000000000': 0 pak files mounted, 0 remain pending
[2019.11.03-23.31.51:373][  0]LogPakFile: Registered encryption key '00000000000000000000000000000000': 0 pak files mounted, 0 remain pending
[2019.11.03-23.31.51:374][  0]LogPakFile: Registered encryption key '00000000000000000000000000000000': 0 pak files mounted, 0 remain pending
[2019.11.03-23.31.51:374][  0]LogPakFile: Registered encryption key '00000000000000000000000000000000': 0 pak files mounted, 0 remain pending
[2019.11.03-23.31.51:375][  0]LogPakFile: Registered encryption key '00000000000000000000000000000000': 0 pak files mounted, 0 remain pending
[2019.11.03-23.31.51:375][  0]LogPakFile: Registered encryption key '00000000000000000000000000000000': 0 pak files mounted, 0 remain pending
[2019.11.03-23.31.51:375][  0]LogPakFile: Registered encryption key '00000000000000000000000000000000': 0 pak files mounted, 0 remain pending
[2019.11.03-23.31.51:376][  0]LogPakFile: Registered encryption key '00000000000000000000000000000000': 0 pak files mounted, 0 remain pending
[2019.11.03-23.31.51:376][  0]LogPakFile: Registered encryption key '00000000000000000000000000000000': 0 pak files mounted, 0 remain pending
[2019.11.03-23.31.51:377][  0]LogPakFile: Registered encryption key '00000000000000000000000000000000': 0 pak files mounted, 0 remain pending
[2019.11.03-23.31.51:396][  0]LogContentBrowser: Native class hierarchy updated for 'AddContentDialog' in 0.0002 seconds. Added 0 classes and 0 folders.
[2019.11.03-23.31.51:400][  0]LogContentBrowser: Native class hierarchy updated for 'SceneOutliner' in 0.0002 seconds. Added 1 classes and 2 folders.
[2019.11.03-23.31.51:408][  0]LogContentBrowser: Native class hierarchy updated for 'WorldBrowser' in 0.0003 seconds. Added 2 classes and 3 folders.
[2019.11.03-23.31.51:459][  0]LogSlate: Took 0.000138 seconds to synchronously load lazily loaded font '../../../Engine/Content/Slate/Fonts/Roboto-Regular.ttf' (155K)
[2019.11.03-23.31.51:461][  0]LogSlate: Took 0.000140 seconds to synchronously load lazily loaded font '../../../Engine/Content/Slate/Fonts/Roboto-Bold.ttf' (160K)
[2019.11.03-23.31.51:466][  0]LogSlate: Took 0.000140 seconds to synchronously load lazily loaded font '../../../Engine/Content/Editor/Slate/Fonts/FontAwesome.ttf' (139K)
[2019.11.03-23.31.51:536][  0]LogRenderer: Reallocating scene render targets to support 1564x576 Format 10 NumSamples 1 (Frame:1).
[2019.11.03-23.31.51:637][  0]LogContentBrowser: Native class hierarchy updated for 'HierarchicalLODOutliner' in 0.0003 seconds. Added 0 classes and 0 folders.
[2019.11.03-23.31.51:637][  0]LogLoad: (Engine Initialization) Total time: 7.68 seconds
[2019.11.03-23.31.51:637][  0]LogLoad: (Engine Initialization) Total Blueprint compile time: 0.00 seconds
[2019.11.03-23.31.51:702][  0]LogContentStreaming: Texture pool size now 1000 MB
[2019.11.03-23.31.51:728][  1]LogAssetRegistry: Asset discovery search completed in 4.3282 seconds
[2019.11.03-23.31.51:729][  1]LogCollectionManager: Rebuilt the object cache for 0 collections in 0.000000 seconds (found 0 objects)
[2019.11.03-23.31.51:729][  1]LogCollectionManager: Fixed up redirectors for 0 collections in 0.000039 seconds (updated 0 objects)
[2019.11.03-23.31.52:656][110]LogSlate: Took 0.000160 seconds to synchronously load lazily loaded font '../../../Engine/Content/Slate/Fonts/Roboto-Light.ttf' (167K)
[2019.11.03-23.31.55:883][142]LogSlate: Took 0.000130 seconds to synchronously load lazily loaded font '../../../Engine/Content/Slate/Fonts/Roboto-Light.ttf' (167K)
[2019.11.03-23.32.15:312][200]LogSlate: FSceneViewport::OnFocusLost() reason 0
[2019.11.03-23.32.16:068][276]LogLinker: Warning: Can't find file '/Game/WAV_165BPM'
[2019.11.03-23.32.16:068][276]LogLinker: Warning: Can't find file for asset '/Game/WAV_165BPM' while loading Z:/Kendall/Documents/Unreal Projects/SlipspacePirates/Content/BP_MusicManager.uasset.
[2019.11.03-23.32.16:068][276]LoadErrors: Error: /Game/BP_MusicManager : Can't find file for asset. /Game/WAV_165BPM
[2019.11.03-23.32.16:068][276]LogLinker: Warning: Can't find file '/Game/WAV_165BPM'
[2019.11.03-23.32.16:068][276]LogLinker: Warning: Can't find file for asset '/Game/WAV_165BPM' while loading Z:/Kendall/Documents/Unreal Projects/SlipspacePirates/Content/BP_MusicManager.uasset.
[2019.11.03-23.32.16:069][276]LogLinker: Warning: Can't find file '/Game/WAV_165BPM'
[2019.11.03-23.32.16:069][276]LogLinker: Warning: Can't find file for asset '/Game/WAV_165BPM' while loading Z:/Kendall/Documents/Unreal Projects/SlipspacePirates/Content/BP_PlayerShip.uasset.
[2019.11.03-23.32.16:069][276]LoadErrors: Error: /Game/BP_PlayerShip : Can't find file for asset. /Game/WAV_165BPM
[2019.11.03-23.32.16:069][276]LogLinker: Warning: Can't find file '/Game/WAV_165BPM'
[2019.11.03-23.32.16:069][276]LogLinker: Warning: Can't find file for asset '/Game/WAV_165BPM' while loading Z:/Kendall/Documents/Unreal Projects/SlipspacePirates/Content/BP_PlayerShip.uasset.
[2019.11.03-23.32.16:072][276]LogLinker: Warning: Can't find file '/Game/WAV_165BPM'
[2019.11.03-23.32.16:072][276]LoadErrors: Failed to load /Game/WAV_165BPM.WAV_165BPM Referenced by Audio_GEN_VARIABLE
[2019.11.03-23.32.16:072][276]LogLinker: Warning: Can't find file for asset '/Game/WAV_165BPM' while loading Z:/Kendall/Documents/Unreal Projects/SlipspacePirates/Content/BP_PlayerShip.uasset.
[2019.11.03-23.32.16:105][276]LogAssetEditorManager: Opening Asset editor for Blueprint /Game/BP_PlayerShip.BP_PlayerShip
[2019.11.03-23.32.16:453][276]LogContentBrowser: Native class hierarchy updated for 'BlueprintGraph' in 0.0005 seconds. Added 117 classes and 0 folders.
[2019.11.03-23.32.17:405][276]LogSlate: Took 0.000155 seconds to synchronously load lazily loaded font '../../../Engine/Content/Slate/Fonts/Roboto-BoldCondensed.ttf' (158K)
[2019.11.03-23.32.31:565][956]LogSlate: Took 0.000113 seconds to synchronously load lazily loaded font '../../../Engine/Content/Slate/Fonts/Roboto-Italic.ttf' (157K)
[2019.11.03-23.32.35:283][393]BlueprintLog: New page: Compile BP_PlayerShip
[2019.11.03-23.32.35:290][393]LogBlueprint: Error: [Compiler BP_PlayerShip] In use pin  <Unnamed>  no longer exists on node  Init . Please refresh node or break links to remove pin.
[2019.11.03-23.32.35:290][393]LogBlueprint: Error: [Compiler BP_PlayerShip] The current value of the ' Event ' pin is invalid: Unsupported type Delegate on pin Delegate
[2019.11.03-23.32.35:417][393]LogBlueprint: Warning: [Compiler BP_PlayerShip] [0051.46] Compile of BP_PlayerShip failed. 2 Fatal Issue(s) 0 Warning(s) [in 133 ms] (/Game/BP_PlayerShip.BP_PlayerShip)
[2019.11.03-23.32.35:857][438]Cmd: OBJ SAVEPACKAGE PACKAGE="/Game/BP_PlayerShip" FILE="Z:/Kendall/Documents/Unreal Projects/SlipspacePirates/Content/BP_PlayerShip.uasset" SILENT=true
[2019.11.03-23.32.35:880][438]LogSavePackage: Moving 'Z:/Kendall/Documents/Unreal Projects/SlipspacePirates/Saved/BP_PlayerShipAE9C78A44A0C3592852D40984C02CED3.tmp' to 'Z:/Kendall/Documents/Unreal Projects/SlipspacePirates/Content/BP_PlayerShip.uasset'
[2019.11.03-23.33.01:706][293]Warning: NewRotation_Roll: Parse error while importing property values (PinName = NewRotation_Roll).
[2019.11.03-23.33.01:706][293]Warning: NewRotation_Pitch: Parse error while importing property values (PinName = NewRotation_Pitch).
[2019.11.03-23.33.01:706][293]Warning: NewRotation_Yaw: Parse error while importing property values (PinName = NewRotation_Yaw).
[2019.11.03-23.33.01:706][293]Warning: RelativeRotation_Roll: Parse error while importing property values (PinName = RelativeRotation_Roll).
[2019.11.03-23.33.01:707][293]Warning: RelativeRotation_Pitch: Parse error while importing property values (PinName = RelativeRotation_Pitch).
[2019.11.03-23.33.01:707][293]Warning: RelativeRotation_Yaw: Parse error while importing property values (PinName = RelativeRotation_Yaw).
[2019.11.03-23.33.01:708][293]Warning: NewLocation_X: Parse error while importing property values (PinName = NewLocation_X).
[2019.11.03-23.33.01:708][293]Warning: NewLocation_Y: Parse error while importing property values (PinName = NewLocation_Y).
[2019.11.03-23.33.01:708][293]Warning: NewLocation_Z: Parse error while importing property values (PinName = NewLocation_Z).
[2019.11.03-23.33.01:709][293]LogOutputDevice: Warning: 

Script Stack (0 frames):

[2019.11.03-23.33.02:318][293]LogStats: FPlatformStackWalk::StackWalkAndDump -  0.608 s
[2019.11.03-23.33.02:318][293]LogOutputDevice: Error: === Handled ensure: ===
[2019.11.03-23.33.02:318][293]LogOutputDevice: Error: 
[2019.11.03-23.33.02:318][293]LogOutputDevice: Error: Ensure condition failed: ThisPin [File:D:\Build\++UE4\Sync\Engine\Source\Editor\UnrealEd\Private\EdGraphUtilities.cpp] [Line: 141]
[2019.11.03-23.33.02:318][293]LogOutputDevice: Error: 
[2019.11.03-23.33.02:318][293]LogOutputDevice: Error: Stack: 
[2019.11.03-23.33.02:318][293]LogOutputDevice: Error: [Callstack] 0x00007ffed3524900 UE4Editor-UnrealEd.dll!UnknownFunction []
[2019.11.03-23.33.02:318][293]LogOutputDevice: Error: [Callstack] 0x00007ffed350d4c0 UE4Editor-UnrealEd.dll!UnknownFunction []
[2019.11.03-23.33.02:318][293]LogOutputDevice: Error: [Callstack] 0x00007ffed19be179 UE4Editor-Kismet.dll!UnknownFunction []
[2019.11.03-23.33.02:318][293]LogOutputDevice: Error: [Callstack] 0x00007ffed19bdf23 UE4Editor-Kismet.dll!UnknownFunction []
[2019.11.03-23.33.02:318][293]LogOutputDevice: Error: [Callstack] 0x00007ffed1991168 UE4Editor-Kismet.dll!UnknownFunction []
[2019.11.03-23.33.02:318][293]LogOutputDevice: Error: [Callstack] 0x00007ffed61d206f UE4Editor-Slate.dll!UnknownFunction []
[2019.11.03-23.33.02:318][293]LogOutputDevice: Error: [Callstack] 0x00007ffed6214c8e UE4Editor-Slate.dll!UnknownFunction []
[2019.11.03-23.33.02:318][293]LogOutputDevice: Error: [Callstack] 0x00007ffed22f58f0 UE4Editor-GraphEditor.dll!UnknownFunction []
[2019.11.03-23.33.02:318][293]LogOutputDevice: Error: [Callstack] 0x00007ffed619694c UE4Editor-Slate.dll!UnknownFunction []
[2019.11.03-23.33.02:318][293]LogOutputDevice: Error: [Callstack] 0x00007ffed621697c UE4Editor-Slate.dll!UnknownFunction []
[2019.11.03-23.33.02:318][293]LogOutputDevice: Error: [Callstack] 0x00007ffed6209a36 UE4Editor-Slate.dll!UnknownFunction []
[2019.11.03-23.33.02:318][293]LogOutputDevice: Error: [Callstack] 0x00007fff3680daa4 UE4Editor-ApplicationCore.dll!UnknownFunction []
[2019.11.03-23.33.02:318][293]LogOutputDevice: Error: [Callstack] 0x00007fff36800de0 UE4Editor-ApplicationCore.dll!UnknownFunction []
[2019.11.03-23.33.02:318][293]LogOutputDevice: Error: [Callstack] 0x00007fff368101eb UE4Editor-ApplicationCore.dll!UnknownFunction []
[2019.11.03-23.33.02:318][293]LogOutputDevice: Error: [Callstack] 0x00007fff367fca19 UE4Editor-ApplicationCore.dll!UnknownFunction []
[2019.11.03-23.33.02:318][293]LogOutputDevice: Error: [Callstack] 0x00007fff6405ca66 USER32.dll!UnknownFunction []
[2019.11.03-23.33.02:318][293]LogOutputDevice: Error: [Callstack] 0x00007fff6405c582 USER32.dll!UnknownFunction []
[2019.11.03-23.33.02:318][293]LogOutputDevice: Error: [Callstack] 0x00007fff36811746 UE4Editor-ApplicationCore.dll!UnknownFunction []
[2019.11.03-23.33.02:318][293]LogOutputDevice: Error: [Callstack] 0x00007ff78fde5546 UE4Editor.exe!UnknownFunction []
[2019.11.03-23.33.02:318][293]LogOutputDevice: Error: [Callstack] 0x00007ff78fdf596c UE4Editor.exe!UnknownFunction []
[2019.11.03-23.33.02:318][293]LogOutputDevice: Error: [Callstack] 0x00007ff78fdf59ea UE4Editor.exe!UnknownFunction []
[2019.11.03-23.33.02:318][293]LogOutputDevice: Error: [Callstack] 0x00007ff78fe048da UE4Editor.exe!UnknownFunction []
[2019.11.03-23.33.02:318][293]LogOutputDevice: Error: [Callstack] 0x00007ff78fe0659a UE4Editor.exe!UnknownFunction []
[2019.11.03-23.33.02:318][293]LogOutputDevice: Error: [Callstack] 0x00007fff63f47974 KERNEL32.DLL!UnknownFunction []
[2019.11.03-23.33.02:318][293]LogOutputDevice: Error: [Callstack] 0x00007fff643fa271 ntdll.dll!UnknownFunction []
[2019.11.03-23.33.02:318][293]LogOutputDevice: Error: 
[2019.11.03-23.33.02:321][293]LogStats:                SubmitErrorReport -  0.000 s
[2019.11.03-23.33.02:865][293]LogStats:                    SendNewReport -  0.545 s
[2019.11.03-23.33.02:865][293]LogStats:             FDebug::EnsureFailed -  1.156 s
[2019.11.03-23.33.02:867][293]LogOutputDevice: Warning: 

Script Stack (0 frames):

[2019.11.03-23.33.02:867][293]LogWindows: Windows GetLastError: The operation completed successfully. (0)
[2019.11.03-23.33.03:415][293]LogWindows: Error: === Critical error: ===
[2019.11.03-23.33.03:415][293]LogWindows: Error: 
[2019.11.03-23.33.03:415][293]LogWindows: Error: Assertion failed: NumNewPins == InNewPins.Num() [File:D:\Build\++UE4\Sync\Engine\Source\Editor\BlueprintGraph\Private\K2Node.cpp] [Line: 967] 
[2019.11.03-23.33.03:415][293]LogWindows: Error: 
[2019.11.03-23.33.03:415][293]LogWindows: Error: 
[2019.11.03-23.33.03:415][293]LogWindows: Error: 
[2019.11.03-23.33.03:415][293]LogWindows: Error: [Callstack] 0x00007fff604e9129 KERNELBASE.dll!UnknownFunction []
[2019.11.03-23.33.03:415][293]LogWindows: Error: [Callstack] 0x00007ffeda02cd1a UE4Editor-Core.dll!UnknownFunction []
[2019.11.03-23.33.03:415][293]LogWindows: Error: [Callstack] 0x00007ffed9e0a967 UE4Editor-Core.dll!UnknownFunction []
[2019.11.03-23.33.03:415][293]LogWindows: Error: [Callstack] 0x00007ffed9d40df7 UE4Editor-Core.dll!UnknownFunction []
[2019.11.03-23.33.03:415][293]LogWindows: Error: [Callstack] 0x00007ffed4f47023 UE4Editor-BlueprintGraph.dll!UnknownFunction []
[2019.11.03-23.33.03:415][293]LogWindows: Error: [Callstack] 0x00007ffed4f3d759 UE4Editor-BlueprintGraph.dll!UnknownFunction []
[2019.11.03-23.33.03:415][293]LogWindows: Error: [Callstack] 0x00007ffed352522a UE4Editor-UnrealEd.dll!UnknownFunction []
[2019.11.03-23.33.03:415][293]LogWindows: Error: [Callstack] 0x00007ffed350d4c0 UE4Editor-UnrealEd.dll!UnknownFunction []
[2019.11.03-23.33.03:415][293]LogWindows: Error: [Callstack] 0x00007ffed19be179 UE4Editor-Kismet.dll!UnknownFunction []
[2019.11.03-23.33.03:415][293]LogWindows: Error: [Callstack] 0x00007ffed19bdf23 UE4Editor-Kismet.dll!UnknownFunction []
[2019.11.03-23.33.03:415][293]LogWindows: Error: [Callstack] 0x00007ffed1991168 UE4Editor-Kismet.dll!UnknownFunction []
[2019.11.03-23.33.03:415][293]LogWindows: Error: [Callstack] 0x00007ffed61d206f UE4Editor-Slate.dll!UnknownFunction []
[2019.11.03-23.33.03:415][293]LogWindows: Error: [Callstack] 0x00007ffed6214c8e UE4Editor-Slate.dll!UnknownFunction []
[2019.11.03-23.33.03:415][293]LogWindows: Error: [Callstack] 0x00007ffed22f58f0 UE4Editor-GraphEditor.dll!UnknownFunction []
[2019.11.03-23.33.03:415][293]LogWindows: Error: [Callstack] 0x00007ffed619694c UE4Editor-Slate.dll!UnknownFunction []
[2019.11.03-23.33.03:415][293]LogWindows: Error: [Callstack] 0x00007ffed621697c UE4Editor-Slate.dll!UnknownFunction []
[2019.11.03-23.33.03:415][293]LogWindows: Error: [Callstack] 0x00007ffed6209a36 UE4Editor-Slate.dll!UnknownFunction []
[2019.11.03-23.33.03:415][293]LogWindows: Error: [Callstack] 0x00007fff3680daa4 UE4Editor-ApplicationCore.dll!UnknownFunction []
[2019.11.03-23.33.03:415][293]LogWindows: Error: [Callstack] 0x00007fff36800de0 UE4Editor-ApplicationCore.dll!UnknownFunction []
[2019.11.03-23.33.03:415][293]LogWindows: Error: [Callstack] 0x00007fff368101eb UE4Editor-ApplicationCore.dll!UnknownFunction []
[2019.11.03-23.33.03:415][293]LogWindows: Error: [Callstack] 0x00007fff367fca19 UE4Editor-ApplicationCore.dll!UnknownFunction []
[2019.11.03-23.33.03:415][293]LogWindows: Error: [Callstack] 0x00007fff6405ca66 USER32.dll!UnknownFunction []
[2019.11.03-23.33.03:415][293]LogWindows: Error: [Callstack] 0x00007fff6405c582 USER32.dll!UnknownFunction []
[2019.11.03-23.33.03:415][293]LogWindows: Error: [Callstack] 0x00007fff36811746 UE4Editor-ApplicationCore.dll!UnknownFunction []
[2019.11.03-23.33.03:415][293]LogWindows: Error: [Callstack] 0x00007ff78fde5546 UE4Editor.exe!UnknownFunction []
[2019.11.03-23.33.03:415][293]LogWindows: Error: [Callstack] 0x00007ff78fdf596c UE4Editor.exe!UnknownFunction []
[2019.11.03-23.33.03:415][293]LogWindows: Error: [Callstack] 0x00007ff78fdf59ea UE4Editor.exe!UnknownFunction []
[2019.11.03-23.33.03:415][293]LogWindows: Error: [Callstack] 0x00007ff78fe048da UE4Editor.exe!UnknownFunction []
[2019.11.03-23.33.03:415][293]LogWindows: Error: [Callstack] 0x00007ff78fe0659a UE4Editor.exe!UnknownFunction []
[2019.11.03-23.33.03:416][293]LogWindows: Error: [Callstack] 0x00007fff63f47974 KERNEL32.DLL!UnknownFunction []
[2019.11.03-23.33.03:416][293]LogWindows: Error: [Callstack] 0x00007fff643fa271 ntdll.dll!UnknownFunction []
[2019.11.03-23.33.03:416][293]LogWindows: Error: 
[2019.11.03-23.33.03:441][293]LogExit: Executing StaticShutdownAfterError
[2019.11.03-23.33.03:443][293]LogWindows: FPlatformMisc::RequestExit(1)
[2019.11.03-23.33.03:449][293]Log file closed, 11/03/19 18:33:03
